-1.3692 -1.2035 -0.6044 0.0232 1.33091922 1.3309 0.0438 0.00001371
0.0000 24999.0000 1.3309 0.0438 0.00001371
-1.2016 -0.5139 -0.5675 0.0174 1.00975610 1.0098 0.0407 0.00000783
1.0000 533.0000 1.0098 0.0407 0.00000783
-1.5489 -0.5272 -0.6283 0.0157 1.00985124 1.0099 0.0383 0.00000429
2.0000 471.0000 1.0098 0.0383 0.00000429
-1.5317 -0.4532 -0.3088 0.0144 1.00858844 1.0086 0.0396 0.00000397
3.0000 529.0000 1.0086 0.0396 0.00000397
-1.5480 -0.6295 -0.4138 0.0131 1.00879053 1.0088 0.0427 0.00000248
4.0000 384.0000 1.0088 0.0427 0.00000248
-1.3036 -0.6493 -0.8108 0.0118 1.00908359 1.0091 0.0420 0.00000982
5.0000 399.0000 1.0091 0.0420 0.00000982
-0.6278 -0.0699 -0.0445 0.0105 1.00687267 1.0069 0.0374 0.00000826
6.0000 241.0000 1.0069 0.0374 0.00000826
-1.1538 -0.2264 -0.1025 0.0094 1.00809167 1.0081 0.0421 0.00000500
7.0000 349.0000 1.0081 0.0421 0.00000500
-2.8894 -1.6676 3.5559 0.0119 1.09381227 1.0938 0.0407 0.00000732
8.0000 24999.0000 1.0938 0.0407 0.00000732
-1.0903 -0.4073 -0.2166 0.0075 1.00997612 1.0100 0.0415 0.00000277
9.0000 817.0000 1.0100 0.0415 0.00000277
-0.5558 -0.6290 -1.2647 0.0137 1.00874876 1.0087 0.0433 0.00000636
10.0000 567.0000 1.0088 0.0433 0.00000636
-0.6044 -0.5189 -0.8883 0.0130 1.00852801 1.0085 0.0446 0.00000430
11.0000 512.0000 1.0085 0.0446 0.00000430
-0.7192 0.1261 -1.7902 0.0114 1.54262731 1.5426 0.0460 0.00000384
12.0000 24999.0000 1.5426 0.0460 0.00000384
-1.1944 -0.7006 -0.5607 0.0117 1.00873707 1.0087 0.0402 0.00000277
13.0000 453.0000 1.0087 0.0402 0.00000277
-1.3512 -0.6607 -0.2927 0.0118 1.00372921 1.0037 0.0409 0.00000238
14.0000 395.0000 1.0037 0.0409 0.00000238
-0.7369 -0.1361 -0.2943 0.0136 1.00986300 1.0099 0.0428 0.00001967
15.0000 235.0000 1.0099 0.0428 0.00001967
-3.6732 -3.4542 4.7391 0.0195 1.29998321 1.3000 0.0442 0.00001398
16.0000 24999.0000 1.3000 0.0442 0.00001398
-1.5164 -0.1626 -0.1970 0.0113 1.00828448 1.0083 0.0422 0.00000676
17.0000 604.0000 1.0083 0.0422 0.00000676
-1.7990 -0.6729 -0.4522 0.0099 1.00979568 1.0098 0.0435 0.00000274
18.0000 1081.0000 1.0098 0.0435 0.00000274
3.3576 -10.8968 -9.1466 -0.0022 1.00994805 1.0099 0.0414 0.00000259
19.0000 8119.0000 1.0100 0.0414 0.00000259
0.1451 -0.3350 -3.4118 0.0020 1.18047862 1.1805 0.0467 0.00000241
20.0000 24999.0000 1.1805 0.0467 0.00000241
-1.4007 -0.3257 -0.1555 0.0036 1.00831601 1.0083 0.0416 0.00000116
21.0000 769.0000 1.0083 0.0416 0.00000116
-1.0311 -1.7406 -0.8800 0.0027 1.32942869 1.3294 0.0477 0.00000092
22.0000 24999.0000 1.3294 0.0477 0.00000092
-1.2939 -0.6569 -0.4043 0.0026 1.00967119 1.0097 0.0412 0.00000037
23.0000 1709.0000 1.0097 0.0412 0.00000037
-1.3466 -0.4159 -0.3128 0.0025 1.00963987 1.0096 0.0359 0.00000058
24.0000 1820.0000 1.0096 0.0359 0.00000058
-0.6520 -1.4051 -0.9029 0.0022 1.00998813 1.0100 0.0382 0.00000067
25.0000 7485.0000 1.0100 0.0382 0.00000067
-1.1962 -0.1135 -0.3170 0.0023 1.00971916 1.0097 0.0406 0.00000045
26.0000 1031.0000 1.0097 0.0406 0.00000045
-1.3469 -0.3186 -0.2130 0.0022 1.00891146 1.0089 0.0366 0.00000035
27.0000 921.0000 1.0089 0.0366 0.00000035
-1.0900 -0.3866 -0.3319 0.0021 1.00952572 1.0095 0.0388 0.00000028
28.0000 1644.0000 1.0095 0.0388 0.00000028
-1.1782 -3.9703 -0.3321 0.0013 1.06268728 1.0627 0.0383 0.00000018
29.0000 24999.0000 1.0627 0.0383 0.00000018
-1.1433 -0.3251 -0.2033 0.0014 1.00969333 1.0097 0.0377 0.00000027
30.0000 1431.0000 1.0097 0.0377 0.00000027
-1.4338 -0.1588 -0.2195 0.0013 1.00982514 1.0098 0.0409 0.00000018
31.0000 845.0000 1.0098 0.0409 0.00000018
-1.1155 -0.3134 -0.1561 0.0012 1.00995705 1.0100 0.0405 0.00000010
32.0000 2063.0000 1.0100 0.0405 0.00000010
-1.0818 -0.4620 -0.2712 0.0010 1.00966718 1.0097 0.0435 0.00000007
33.0000 1523.0000 1.0097 0.0435 0.00000007
0.9336 -6.7313 -3.1779 0.0004 1.00896722 1.0090 0.0432 0.00000089
34.0000 6454.0000 1.0090 0.0432 0.00000089
0.1197 -0.0525 -2.0549 0.0029 1.27163973 1.2716 0.0482 0.00000150
35.0000 24999.0000 1.2716 0.0482 0.00000150
-1.0644 -0.3558 -0.5287 0.0040 1.00978775 1.0098 0.0406 0.00000116
36.0000 908.0000 1.0098 0.0406 0.00000116
-0.8321 -0.2545 -0.1876 0.0038 1.00937894 1.0094 0.0401 0.00000097
37.0000 757.0000 1.0094 0.0401 0.00000097
-0.7950 0.6686 -1.1977 0.0031 1.18221129 1.1822 0.0424 0.00000091
38.0000 24999.0000 1.1822 0.0424 0.00000091
1.7616 -3.0485 -4.4879 0.0004 1.00980883 1.0098 0.0407 0.00000018
39.0000 11941.0000 1.0098 0.0407 0.00000018
-0.3139 -0.9924 -1.3433 0.0009 1.06615914 1.0662 0.0433 0.00000002
40.0000 24999.0000 1.0662 0.0433 0.00000002
-0.3365 -1.3395 -1.0774 0.0008 1.08496180 1.0850 0.0426 0.00000001
41.0000 24999.0000 1.0850 0.0426 0.00000001
-0.6288 -0.2612 -0.3952 0.0008 1.00959571 1.0096 0.0376 0.00000001
42.0000 3259.0000 1.0096 0.0376 0.00000001
-0.3382 -1.4383 -0.8092 0.0010 21.16336156 21.1634 0.2126 0.00000012
43.0000 24999.0000 21.1634 0.2126 0.00000012
-1.2550 1.8474 -0.6561 0.0008 1.00999426 1.0100 0.0385 0.00000002
44.0000 23088.0000 1.0100 0.0385 0.00000002
-0.2513 -0.2666 -0.2796 0.0005 1.00978921 1.0098 0.0415 0.00000003
45.0000 1371.0000 1.0098 0.0415 0.00000003
-0.3713 -0.0489 -0.0835 0.0005 1.00997619 1.0100 0.0416 0.00000002
46.0000 1638.0000 1.0100 0.0416 0.00000002
-0.7251 -0.0866 -0.0607 0.0005 1.00976430 1.0098 0.0409 0.00000002
47.0000 1585.0000 1.0098 0.0409 0.00000002
-0.7965 -0.1414 -0.0070 0.0005 1.00931671 1.0093 0.0380 0.00000001
48.0000 391.0000 1.0093 0.0380 0.00000001
0.8527 -1.3107 -3.3147 0.0002 1.00986765 1.0099 0.0388 0.00000001
49.0000 21981.0000 1.0099 0.0388 0.00000001
-0.6282 -0.4343 -0.5182 0.0002 1.50265687 1.5027 0.0506 0.00000001
50.0000 24999.0000 1.5027 0.0506 0.00000001
-0.6254 -0.0018 -0.0829 0.0002 1.00979372 1.0098 0.0429 0.00000000
51.0000 1270.0000 1.0098 0.0429 0.00000000
-0.9659 -0.0469 -0.1092 0.0002 1.00997414 1.0100 0.0326 0.00000000
52.0000 1897.0000 1.0100 0.0326 0.00000000
-0.6403 -0.2263 -0.0845 0.0002 1.00959197 1.0096 0.0391 0.00000000
53.0000 2148.0000 1.0096 0.0391 0.00000000
2.1943 -6.8785 -1.9014 0.0001 2.65851631 2.6585 0.0673 0.00000000
54.0000 24999.0000 2.6585 0.0673 0.00000000
-0.0962 -0.4434 -0.5785 0.0003 1.01800907 1.0180 0.0385 0.00000000
55.0000 24999.0000 1.0180 0.0385 0.00000000
-0.3529 -0.6944 -0.1452 0.0003 1.01689051 1.0169 0.0394 0.00000000
56.0000 24999.0000 1.0169 0.0394 0.00000000
-0.3575 -0.2909 -0.2358 0.0003 1.00996253 1.0100 0.0405 0.00000000
57.0000 5304.0000 1.0100 0.0405 0.00000000
-0.2356 -1.2524 -0.2344 0.0002 1.81615743 1.8162 0.0549 0.00000000
58.0000 24999.0000 1.8162 0.0549 0.00000000
1.3992 0.6443 -4.0830 0.0001 9.62662548 9.6266 0.1354 0.00000000
59.0000 24999.0000 9.6266 0.1354 0.00000000
-0.3350 -0.0744 -0.2454 0.0001 1.41114890 1.4111 0.0439 0.00000000
60.0000 24999.0000 1.4111 0.0439 0.00000000
-0.4534 -0.2187 -0.3984 0.0001 1.43724444 1.4372 0.0511 0.00000000
61.0000 24999.0000 1.4373 0.0511 0.00000000
-0.1363 0.0298 -0.0291 0.0001 1.00989461 1.0099 0.0417 0.00000000
62.0000 2612.0000 1.0099 0.0417 0.00000000
-0.4814 -0.0286 -0.0741 0.0001 1.00968377 1.0097 0.0430 0.00000000
63.0000 5449.0000 1.0097 0.0430 0.00000000
-1.3300 0.6307 0.2640 0.0001 10.99433665 10.9943 0.1447 0.03938392
64.0000 24999.0000 10.9943 0.1447 0.03938388
-0.0113 -0.0595 -0.1238 0.3378 1.00560026 1.0056 0.0402 0.02657539
65.0000 26.0000 1.0056 0.0402 0.02657496
-0.8432 10.2968 -2.9361 0.1757 1.05211759 1.0521 0.0410 0.00599838
66.0000 24999.0000 1.0521 0.0410 0.00599842
-3.4486 27.5676 -16.3275 0.0417 1.27832519 1.2783 0.0448 0.00180717
67.0000 24999.0000 1.2783 0.0448 0.00180716
-2.0586 13.7691 -20.2937 0.0020 1.12263647 1.1226 0.0427 0.00280322
68.0000 24999.0000 1.1226 0.0427 0.00280322
-0.7209 -0.1142 -0.5215 0.1281 1.00978358 1.0098 0.0407 0.00703368
69.0000 309.0000 1.0098 0.0407 0.00703363
