-1.3377 -1.2000 -0.6789 0.0230 1.33098107 1.3310 0.0438 0.00001371
0.0000 24999.0000 1.3310 0.0438 0.00001371
-1.1692 -0.5460 -0.6351 0.0173 1.00966294 1.0097 0.0407 0.00000782
1.0000 805.0000 1.0097 0.0407 0.00000782
-1.6195 -0.4219 -0.4940 0.0160 1.00900501 1.0090 0.0383 0.00000429
2.0000 531.0000 1.0090 0.0383 0.00000429
-1.4620 -0.6377 -0.4312 0.0142 1.00810021 1.0081 0.0396 0.00000396
3.0000 449.0000 1.0081 0.0396 0.00000396
-1.6332 -0.4504 -0.2709 0.0133 1.00985408 1.0099 0.0426 0.00000247
4.0000 459.0000 1.0099 0.0426 0.00000247
-1.2347 -0.6802 -0.9572 0.0115 1.00871610 1.0087 0.0420 0.00000982
5.0000 366.0000 1.0087 0.0420 0.00000982
-0.5782 -0.1595 -0.1357 0.0104 1.00608082 1.0061 0.0374 0.00000823
6.0000 251.0000 1.0061 0.0374 0.00000823
-1.1601 -0.0418 -0.1387 0.0094 1.00847085 1.0085 0.0421 0.00000499
7.0000 376.0000 1.0085 0.0421 0.00000499
-2.6669 -1.4439 2.9391 0.0113 1.10445590 1.1045 0.0410 0.00000746
8.0000 24999.0000 1.1045 0.0410 0.00000746
-1.1868 -0.2417 -0.0204 0.0078 1.00878470 1.0088 0.0416 0.00000281
9.0000 522.0000 1.0088 0.0416 0.00000281
-0.5518 -0.4310 -1.3060 0.0138 1.00950790 1.0095 0.0434 0.00000637
10.0000 857.0000 1.0095 0.0434 0.00000637
-0.6951 -0.4396 -0.7139 0.0133 1.00820777 1.0082 0.0446 0.00000431
11.0000 498.0000 1.0082 0.0446 0.00000431
-0.6935 -0.0965 -1.7879 0.0113 1.54274769 1.5427 0.0460 0.00000384
12.0000 24999.0000 1.5427 0.0460 0.00000384
-1.2703 -0.5269 -0.4349 0.0119 1.00780928 1.0078 0.0402 0.00000277
13.0000 493.0000 1.0078 0.0402 0.00000277
-1.3425 -0.5348 -0.3573 0.0117 1.00800942 1.0080 0.0409 0.00000239
14.0000 484.0000 1.0080 0.0409 0.00000239
-0.6757 -0.3177 -0.4034 0.0133 1.00887869 1.0089 0.0427 0.00001964
15.0000 466.0000 1.0089 0.0427 0.00001964
-3.9563 -3.5839 5.4481 0.0205 1.29221432 1.2922 0.0442 0.00001395
16.0000 24999.0000 1.2922 0.0442 0.00001395
-1.4536 -0.4869 -0.2477 0.0112 1.00927602 1.0093 0.0422 0.00000678
17.0000 675.0000 1.0093 0.0422 0.00000678
-1.8509 -0.6330 -0.2827 0.0101 1.00946473 1.0095 0.0434 0.00000274
18.0000 1170.0000 1.0095 0.0434 0.00000274
3.4141 -10.8914 -9.2449 -0.0023 1.00995964 1.0100 0.0412 0.00000257
19.0000 8439.0000 1.0100 0.0412 0.00000257
0.7420 -0.0898 -4.7789 0.0013 1.15771724 1.1577 0.0462 0.00000241
20.0000 24999.0000 1.1577 0.0462 0.00000241
-1.2924 -0.3868 -0.3766 0.0035 1.00740995 1.0074 0.0415 0.00000117
21.0000 807.0000 1.0074 0.0415 0.00000117
-0.9496 -2.0609 -0.9487 0.0026 1.32623776 1.3262 0.0477 0.00000092
22.0000 24999.0000 1.3262 0.0477 0.00000092
-1.2476 -0.7624 -0.4608 0.0025 1.00978400 1.0098 0.0412 0.00000037
23.0000 1902.0000 1.0098 0.0412 0.00000037
-1.3360 -0.4812 -0.3003 0.0025 1.00998233 1.0100 0.0359 0.00000058
24.0000 1156.0000 1.0100 0.0359 0.00000058
-0.6747 -1.6036 -0.8132 0.0022 1.00999510 1.0100 0.0382 0.00000067
25.0000 8201.0000 1.0100 0.0382 0.00000067
-1.2134 -0.2468 -0.2416 0.0024 1.00992141 1.0099 0.0406 0.00000045
26.0000 1008.0000 1.0099 0.0406 0.00000045
-1.2931 -0.2298 -0.3603 0.0022 1.00917558 1.0092 0.0367 0.00000035
27.0000 1248.0000 1.0092 0.0367 0.00000035
-1.1408 -0.3898 -0.2170 0.0021 1.00975916 1.0098 0.0388 0.00000028
28.0000 1981.0000 1.0098 0.0388 0.00000028
-1.0432 -4.6126 -0.4023 0.0013 1.05041529 1.0504 0.0383 0.00000018
29.0000 24999.0000 1.0504 0.0383 0.00000018
-1.1413 -0.1411 -0.2493 0.0014 1.00999122 1.0100 0.0378 0.00000028
30.0000 1487.0000 1.0100 0.0378 0.00000028
-1.3342 -0.1767 -0.4021 0.0012 1.00957818 1.0096 0.0409 0.00000018
31.0000 803.0000 1.0096 0.0409 0.00000018
-1.0940 -0.4147 -0.1679 0.0012 1.00990643 1.0099 0.0405 0.00000010
32.0000 1647.0000 1.0099 0.0405 0.00000010
-1.0962 -0.3183 -0.2985 0.0010 1.00994527 1.0099 0.0435 0.00000007
33.0000 1804.0000 1.0099 0.0435 0.00000007
0.9216 -6.8085 -3.1176 0.0004 1.00974849 1.0097 0.0432 0.00000088
34.0000 7013.0000 1.0097 0.0432 0.00000088
0.2694 0.0839 -2.3384 0.0027 1.26822822 1.2682 0.0481 0.00000150
35.0000 24999.0000 1.2682 0.0481 0.00000150
-1.0472 -0.4615 -0.5338 0.0040 1.00960682 1.0096 0.0406 0.00000116
36.0000 1230.0000 1.0096 0.0406 0.00000116
-0.8162 -0.2021 -0.2339 0.0037 1.00906716 1.0091 0.0401 0.00000097
37.0000 710.0000 1.0091 0.0401 0.00000097
-0.8569 0.6829 -1.0765 0.0036 1.64398833 1.6440 0.0495 0.00000099
38.0000 24999.0000 1.6440 0.0495 0.00000099
1.7536 -3.0721 -4.4796 0.0004 1.00982654 1.0098 0.0408 0.00000018
39.0000 10881.0000 1.0098 0.0408 0.00000018
-0.2365 -1.1905 -1.4057 0.0009 1.06135181 1.0614 0.0432 0.00000002
40.0000 24999.0000 1.0614 0.0432 0.00000002
-0.2362 -1.4072 -1.1288 0.0008 1.08736169 1.0874 0.0429 0.00000001
41.0000 24999.0000 1.0874 0.0429 0.00000001
-0.6149 -0.4051 -0.3669 0.0008 1.00964330 1.0096 0.0376 0.00000001
42.0000 1866.0000 1.0096 0.0376 0.00000001
-0.3939 -1.2039 -0.8066 0.0007 1.25933105 1.2593 0.0456 0.00000001
43.0000 24999.0000 1.2593 0.0456 0.00000001
-1.3613 1.8095 -0.4490 0.0008 1.00972801 1.0097 0.0384 0.00000002
44.0000 19972.0000 1.0097 0.0384 0.00000002
-0.2402 -0.2587 -0.2991 0.0005 1.00975189 1.0098 0.0415 0.00000003
45.0000 1902.0000 1.0098 0.0415 0.00000003
-0.3699 -0.0815 -0.0765 0.0005 1.00970479 1.0097 0.0416 0.00000002
46.0000 2093.0000 1.0097 0.0416 0.00000002
-0.7514 -0.1897 0.0165 0.0005 1.00965967 1.0097 0.0409 0.00000002
47.0000 1052.0000 1.0097 0.0409 0.00000002
-0.8459 -0.1243 0.0693 0.0005 1.00815369 1.0082 0.0380 0.00000001
48.0000 434.0000 1.0081 0.0380 0.00000001
0.7464 -1.1132 -3.1930 0.0002 1.04467798 1.0447 0.0396 0.00000001
49.0000 24999.0000 1.0447 0.0396 0.00000001
-0.6277 -0.4142 -0.5068 0.0002 1.50319485 1.5032 0.0505 0.00000001
50.0000 24999.0000 1.5032 0.0505 0.00000001
-0.5864 -0.1569 -0.0949 0.0002 1.00930932 1.0093 0.0428 0.00000000
51.0000 1228.0000 1.0093 0.0428 0.00000000
-1.0403 -0.0511 0.0040 0.0002 1.00989941 1.0099 0.0327 0.00000000
52.0000 1545.0000 1.0099 0.0327 0.00000000
-0.6469 -0.1447 -0.1095 0.0002 1.00986900 1.0099 0.0391 0.00000000
53.0000 2439.0000 1.0099 0.0391 0.00000000
2.0114 -6.3816 -1.7607 0.0001 3.06715689 3.0672 0.0727 0.00000000
54.0000 24999.0000 3.0672 0.0727 0.00000000
-0.1048 -0.3091 -0.4876 0.0003 1.04233229 1.0423 0.0384 0.00000000
55.0000 24999.0000 1.0423 0.0384 0.00000000
-0.3861 -0.5939 -0.1506 0.0003 1.02312000 1.0231 0.0397 0.00000000
56.0000 24999.0000 1.0231 0.0397 0.00000000
-0.3230 -0.1758 -0.3494 0.0003 1.00999542 1.0100 0.0406 0.00000000
57.0000 4612.0000 1.0100 0.0406 0.00000000
-0.1848 -1.2801 -0.2442 0.0002 1.81459144 1.8146 0.0556 0.00000000
58.0000 24999.0000 1.8146 0.0556 0.00000000
1.8431 0.6527 -4.9573 0.0001 8.64404444 8.6440 0.1259 0.00000000
59.0000 24999.0000 8.6441 0.1259 0.00000000
-0.2589 -0.0345 -0.2854 0.0001 1.41875985 1.4188 0.0436 0.00000000
60.0000 24999.0000 1.4188 0.0436 0.00000000
-0.5217 -0.1886 -0.2724 0.0001 1.44870099 1.4487 0.0512 0.00000000
61.0000 24999.0000 1.4487 0.0512 0.00000000
-0.1239 -0.0836 0.0074 0.0001 1.00998340 1.0100 0.0417 0.00000000
62.0000 2921.0000 1.0100 0.0417 0.00000000
-0.4676 -0.0843 -0.0648 0.0001 1.00981050 1.0098 0.0430 0.00000000
63.0000 5611.0000 1.0098 0.0430 0.00000000
-1.4473 0.8305 0.3376 -0.0002 586.48867339 586.4887 0.8825 0.03797589
64.0000 24999.0000 586.4904 0.8825 0.03797700
-0.0544 0.0062 0.0054 0.2785 0.99472938 0.9947 0.0425 0.02652393
65.0000 20.0000 0.9947 0.0425 0.02652400
-0.8089 8.9004 -2.7714 0.1733 1.05232455 1.0523 0.0411 0.00598228
66.0000 24999.0000 1.0523 0.0411 0.00598229
-3.3407 27.4108 -16.7591 0.0384 1.29407818 1.2941 0.0446 0.00185127
67.0000 24999.0000 1.2941 0.0446 0.00185126
-2.0058 13.3212 -20.4151 0.0014 1.12083985 1.1208 0.0423 0.00279384
68.0000 24999.0000 1.1208 0.0423 0.00279384
-0.7691 -0.2089 -0.3463 0.1283 1.00986464 1.0099 0.0407 0.00707933
69.0000 214.0000 1.0099 0.0407 0.00707927
-3.7327 -0.2001 -2.3572 0.0299 1.00972095 1.0097 0.0404 0.00388192
70.0000 718.0000 1.0097 0.0404 0.00388195
0.1222 -0.0290 0.0249 0.1100 1.00290868 1.0029 0.0393 0.00148973
71.0000 20.0000 1.0029 0.0393 0.00148975
-3.5298 25.3056 -17.8222 0.0052 1.06177806 1.0618 0.0399 0.00026269
72.0000 24999.0000 1.0618 0.0399 0.00026269
-0.2619 -0.0929 -0.2612 0.0631 1.00988384 1.0099 0.0401 0.00386966
73.0000 165.0000 1.0099 0.0401 0.00386964
-9.4743 -11.3110 27.5163 0.0843 1.54563029 1.5456 0.0537 0.00900884
74.0000 24999.0000 1.5456 0.0537 0.00900886
-3.5672 15.6993 -2.8046 0.0559 1.66817750 1.6682 0.0511 0.00156830
75.0000 24999.0000 1.6682 0.0511 0.00156830
-3.0797 -0.6122 -3.1581 0.0167 1.00999751 1.0100 0.0394 0.00100370
76.0000 1333.0000 1.0100 0.0394 0.00100369
-0.5016 -1.1413 -6.3946 0.0231 1.08157657 1.0816 0.0452 0.00260786
77.0000 24999.0000 1.0816 0.0452 0.00260790
10.8763 -69.1139 -39.0279 -0.1544 1.24037216 1.2404 0.0460 0.01037916
78.0000 24999.0000 1.2404 0.0460 0.01037927
-0.9904 -0.2964 -0.5683 0.0753 1.00957013 1.0096 0.0384 0.00332591
79.0000 555.0000 1.0096 0.0384 0.00332590
-4.2337 5.0791 -4.0325 0.0029 1.45597620 1.4560 0.0498 0.00101242
80.0000 24999.0000 1.4560 0.0498 0.00101239
-0.9005 -0.3834 -0.3954 0.0448 1.00467244 1.0047 0.0380 0.00045298
81.0000 1233.0000 1.0047 0.0380 0.00045298
-1.5257 -0.7426 -1.0514 0.0270 1.00991069 1.0099 0.0403 0.00146694
82.0000 1139.0000 1.0099 0.0403 0.00146696
-3.4633 -19.0187 2.2095 0.0216 1.06624719 1.0662 0.0399 0.00274972
83.0000 24999.0000 1.0662 0.0399 0.00274977
-2.2697 -0.4687 -1.2640 0.0262 1.00332424 1.0033 0.0427 0.00270261
84.0000 811.0000 1.0033 0.0427 0.00270263
-0.9215 -0.4725 -0.8284 0.0396 1.00991576 1.0099 0.0409 0.00096235
85.0000 939.0000 1.0099 0.0409 0.00096234
-2.6416 -0.7883 -2.2259 0.0114 1.00936063 1.0094 0.0462 0.00013231
86.0000 880.0000 1.0094 0.0462 0.00013231
1.2633 -18.9723 -11.6050 -0.0171 1.15565589 1.1557 0.0446 0.00162923
87.0000 24999.0000 1.1557 0.0446 0.00162925
-1.2779 -0.3953 -0.5058 0.0486 1.00763306 1.0076 0.0456 0.00282905
88.0000 208.0000 1.0076 0.0456 0.00282901
-6.6409 40.6576 -0.3410 0.0283 2.11828163 2.1183 0.0641 0.00300658
89.0000 24999.0000 2.1183 0.0641 0.00300663
-2.2652 -1.3274 -0.6915 0.0255 1.00983733 1.0098 0.0414 0.00130488
90.0000 936.0000 1.0098 0.0414 0.00130491
-1.0765 -0.4393 -0.8552 0.0313 0.99185673 0.9919 0.0417 0.00023599
91.0000 2784.0000 0.9918 0.0417 0.00023598
-2.3172 -0.2508 -1.3725 0.0147 1.00979808 1.0098 0.0388 0.00328048
92.0000 1306.0000 1.0098 0.0388 0.00328034
1.7483 51.6739 -19.7873 0.0031 1.00999999 1.0100 0.0425 0.00229198
93.0000 9080.0000 1.0100 0.0425 0.00229198
-1.6694 -1.2043 -0.9735 0.0200 1.00979491 1.0098 0.0384 0.00085642
94.0000 507.0000 1.0098 0.0384 0.00085642
-0.0937 0.1172 0.0281 0.0362 0.99510871 0.9951 0.0381 0.00021753
95.0000 60.0000 0.9951 0.0381 0.00021752
-3.2934 -0.4263 -2.0426 0.0042 1.41309710 1.4131 0.0499 0.00003418
96.0000 24999.0000 1.4131 0.0499 0.00003418
-0.7453 1.3809 -5.8570 0.0079 1.00989987 1.0099 0.0427 0.00056889
97.0000 1900.0000 1.0099 0.0427 0.00056890
4.1359 -12.7383 -16.7671 -0.0247 1.07277322 1.0728 0.0355 0.00039656
98.0000 24999.0000 1.0728 0.0355 0.00039656
-1.1014 -0.4394 -0.2507 0.0296 1.00615080 1.0062 0.0421 0.00048966
99.0000 257.0000 1.0062 0.0421 0.00048967
