-0.5843 -0.0534 -0.6117 0.0196 1.00702587 1.0070 0.0363 0.00001556
0.0000 223.0000 1.0070 0.0363 0.00001556
-1.1976 -0.4868 -0.6162 0.0152 1.00697048 1.0070 0.0470 0.00001141
1.0000 348.0000 1.0070 0.0470 0.00001141
-1.5423 -0.3593 -0.4572 0.0150 1.00371875 1.0037 0.0629 0.00001666
2.0000 393.0000 1.0037 0.0629 0.00001666
-1.1838 0.1749 -0.1144 0.0134 1.00927466 1.0093 0.0933 0.00003309
3.0000 226.0000 1.0093 0.0933 0.00003310
-1.6290 0.6538 -1.1655 0.0119 1.00999846 1.0100 0.1277 0.00002693
4.0000 12212.0000 1.0100 0.1277 0.00002693
-0.6299 -0.3892 -0.7951 0.0105 1.00174862 1.0017 0.0370 0.00001411
5.0000 566.0000 1.0017 0.0370 0.00001411
-0.9707 -0.3156 -0.5673 0.0096 1.00815755 1.0082 0.0476 0.00001055
6.0000 303.0000 1.0082 0.0476 0.00001055
-1.8868 0.3554 -2.2555 0.0069 1.03403232 1.0340 0.0620 0.00001108
7.0000 24999.0000 1.0340 0.0620 0.00001108
-1.7316 -0.4878 -0.1683 0.0085 1.00566640 1.0057 0.0725 0.00001636
8.0000 242.0000 1.0057 0.0725 0.00001636
-0.6300 -0.1313 0.0452 0.0075 1.00867766 1.0087 0.0942 0.00004210
9.0000 283.0000 1.0087 0.0942 0.00004210
