-0.1123 -0.0461 -0.1787 0.0208 3.92277576 3.9228 0.0870 0.00007312
0.0000 249.0000 3.9227 0.0870 0.00007312
-0.8025 -0.3021 -0.4875 0.0171 1.60970541 1.6097 0.0475 0.00001437
1.0000 249.0000 1.6097 0.0475 0.00001437
-0.8391 -0.4824 -0.2904 0.0156 2.98114064 2.9811 0.0740 0.00002170
2.0000 249.0000 2.9811 0.0740 0.00002170
-0.6542 -0.1811 -0.2733 0.0142 3.91879081 3.9188 0.0735 0.00002364
3.0000 249.0000 3.9188 0.0735 0.00002364
-0.9162 -0.3868 -0.2165 0.0133 2.82811619 2.8281 0.0717 0.00001505
4.0000 249.0000 2.8281 0.0717 0.00001505
-0.4059 -0.0954 -0.3902 0.0111 2.49291515 2.4929 0.0715 0.00003687
5.0000 249.0000 2.4929 0.0715 0.00003687
-0.5200 -0.0290 -0.0556 0.0105 1.17995019 1.1800 0.0413 0.00001011
6.0000 249.0000 1.1800 0.0413 0.00001011
-0.7904 -0.0241 -0.1517 0.0094 1.72031138 1.7203 0.0551 0.00001143
7.0000 249.0000 1.7203 0.0551 0.00001143
-0.6856 -0.3140 -0.2311 0.0084 2.17313629 2.1731 0.0572 0.00001028
8.0000 249.0000 2.1731 0.0572 0.00001028
-0.3911 -0.1875 -0.1742 0.0079 2.58209343 2.5821 0.0648 0.00001320
9.0000 249.0000 2.5821 0.0648 0.00001320
-0.0523 -0.1727 -0.2621 0.0129 2.61329208 2.6133 0.0645 0.00001806
10.0000 249.0000 2.6133 0.0645 0.00001806
-0.2422 -0.1735 0.0203 0.0131 2.88037210 2.8804 0.0725 0.00001432
11.0000 249.0000 2.8804 0.0725 0.00001432
-0.4249 -0.2591 -0.2954 0.0125 3.10383970 3.1038 0.0673 0.00001138
12.0000 249.0000 3.1038 0.0673 0.00001138
-0.6633 -0.2915 -0.2761 0.0117 3.05389520 3.0539 0.0690 0.00001044
13.0000 249.0000 3.0539 0.0690 0.00001044
-0.8186 -0.3181 -0.3215 0.0116 2.86519615 2.8652 0.0683 0.00000941
14.0000 249.0000 2.8652 0.0683 0.00000941
-0.4650 0.0691 -0.1878 0.0135 1.39534622 1.3953 0.0516 0.00002968
15.0000 249.0000 1.3954 0.0516 0.00002968
-0.8576 -0.2699 -0.3072 0.0128 2.55091352 2.5509 0.0623 0.00003440
16.0000 249.0000 2.5509 0.0623 0.00003440
-0.5241 -0.1777 0.0535 0.0123 2.53754615 2.5375 0.0603 0.00002365
17.0000 249.0000 2.5375 0.0603 0.00002365
-0.2134 -0.1344 -0.0012 0.0123 3.39044388 3.3904 0.0797 0.00002043
18.0000 249.0000 3.3904 0.0797 0.00002043
-0.3878 -0.0773 -0.0630 0.0078 12.26363498 12.2636 0.1607 0.00002177
19.0000 249.0000 12.2636 0.1607 0.00002177
-0.5820 0.0225 -0.0727 0.0038 1.94669175 1.9467 0.0601 0.00000376
20.0000 249.0000 1.9467 0.0601 0.00000376
-0.2624 -0.0010 -0.1041 0.0039 4.61502146 4.6150 0.0912 0.00000842
21.0000 249.0000 4.6150 0.0912 0.00000842
-0.2180 -0.1664 -0.1286 0.0035 4.13226099 4.1323 0.0814 0.00000561
22.0000 249.0000 4.1323 0.0814 0.00000561
0.0355 -0.0847 -0.0760 0.0032 6.30522395 6.3052 0.0971 0.00000746
23.0000 249.0000 6.3052 0.0971 0.00000746
-0.2901 0.1260 -0.0559 0.0029 4.21481396 4.2148 0.0747 0.00000441
24.0000 249.0000 4.2148 0.0747 0.00000441
-0.3330 -0.0219 -0.1376 0.0025 1.64168948 1.6417 0.0492 0.00000138
25.0000 249.0000 1.6417 0.0492 0.00000138
-0.3370 0.0574 -0.0026 0.0025 2.90597228 2.9060 0.0701 0.00000218
26.0000 249.0000 2.9060 0.0701 0.00000218
-0.0802 -0.0127 0.0871 0.0026 5.55519183 5.5552 0.0979 0.00000368
27.0000 249.0000 5.5552 0.0979 0.00000368
-0.2616 -0.0151 -0.1131 0.0023 3.53562545 3.5356 0.0754 0.00000163
28.0000 249.0000 3.5356 0.0754 0.00000163
-0.1078 0.1002 -0.1317 0.0018 5.92103494 5.9210 0.1032 0.00000210
29.0000 249.0000 5.9210 0.1032 0.00000210
-0.3559 -0.0505 -0.1130 0.0014 2.08924373 2.0892 0.0577 0.00000060
30.0000 249.0000 2.0892 0.0577 0.00000060
-0.2971 -0.0435 0.0762 0.0014 4.00563327 4.0056 0.0829 0.00000097
31.0000 249.0000 4.0057 0.0829 0.00000097
-0.0434 -0.0700 0.0313 0.0013 3.38850408 3.3885 0.0805 0.00000048
32.0000 249.0000 3.3885 0.0805 0.00000048
-0.0453 0.0158 -0.0662 0.0012 4.94674351 4.9467 0.0935 0.00000060
33.0000 249.0000 4.9467 0.0935 0.00000060
-0.1155 0.0114 0.0572 0.0012 8.40963104 8.4096 0.1166 0.00000383
34.0000 249.0000 8.4096 0.1166 0.00000383
0.0606 -0.1616 -0.1285 0.0035 2.15879588 2.1588 0.0630 0.00000282
35.0000 249.0000 2.1588 0.0630 0.00000282
-0.0449 0.1198 -0.0400 0.0039 4.11107914 4.1111 0.0799 0.00000557
36.0000 249.0000 4.1111 0.0799 0.00000557
-0.2936 0.0620 -0.1759 0.0037 2.15812832 2.1581 0.0572 0.00000268
37.0000 249.0000 2.1581 0.0572 0.00000268
-0.4958 -0.0426 0.0314 0.0037 2.45279478 2.4528 0.0612 0.00000283
38.0000 249.0000 2.4528 0.0612 0.00000283
-0.1723 -0.0386 -0.0312 0.0012 14.40413728 14.4041 0.1465 0.00000272
39.0000 249.0000 14.4041 0.1465 0.00000272
-0.0212 -0.0024 -0.1142 0.0009 3.11210559 3.1121 0.0673 0.00000006
40.0000 249.0000 3.1121 0.0673 0.00000006
0.1305 -0.0240 -0.0389 0.0008 5.38485608 5.3849 0.0989 0.00000008
41.0000 249.0000 5.3849 0.0989 0.00000008
0.0762 -0.0270 0.1104 0.0008 6.52008770 6.5201 0.1068 0.00000008
42.0000 249.0000 6.5201 0.1068 0.00000008
0.0413 0.0865 -0.0565 0.0008 6.35766474 6.3577 0.1064 0.00000006
43.0000 249.0000 6.3577 0.1064 0.00000006
-0.1345 -0.0060 -0.1026 0.0007 3.55123365 3.5512 0.0761 0.00000006
44.0000 249.0000 3.5512 0.0761 0.00000006
0.1241 -0.0487 -0.1869 0.0005 1.74565947 1.7457 0.0536 0.00000005
45.0000 249.0000 1.7457 0.0536 0.00000005
-0.1336 0.0560 0.0409 0.0005 1.54719949 1.5472 0.0501 0.00000004
46.0000 249.0000 1.5472 0.0501 0.00000004
-0.1534 -0.0888 0.0095 0.0005 2.84032918 2.8403 0.0708 0.00000005
47.0000 249.0000 2.8403 0.0708 0.00000005
-0.4378 0.0083 -0.0216 0.0005 2.18429792 2.1843 0.0593 0.00000003
48.0000 249.0000 2.1843 0.0593 0.00000003
-0.0816 -0.0500 -0.0813 0.0004 5.47568936 5.4757 0.1023 0.00000004
49.0000 249.0000 5.4757 0.1023 0.00000004
-0.0689 -0.0206 0.0662 0.0002 2.52593889 2.5259 0.0648 0.00000001
50.0000 249.0000 2.5259 0.0648 0.00000001
0.0513 0.0070 -0.0885 0.0002 2.75995299 2.7600 0.0686 0.00000001
51.0000 249.0000 2.7600 0.0686 0.00000001
-0.0069 0.0040 -0.1057 0.0002 3.75969388 3.7597 0.0745 0.00000001
52.0000 249.0000 3.7597 0.0745 0.00000001
0.0392 -0.0058 0.1478 0.0002 5.89930924 5.8993 0.0953 0.00000001
53.0000 249.0000 5.8993 0.0953 0.00000001
0.1314 -0.0565 -0.1454 0.0002 12.37812134 12.3781 0.1506 0.00000002
54.0000 249.0000 12.3781 0.1506 0.00000002
-0.0114 -0.0113 -0.0437 0.0003 1.73729374 1.7373 0.0517 0.00000000
55.0000 249.0000 1.7373 0.0517 0.00000000
-0.0352 -0.0481 0.0738 0.0003 2.62846382 2.6285 0.0655 0.00000000
56.0000 249.0000 2.6285 0.0655 0.00000000
0.0809 -0.0505 -0.0839 0.0003 3.77809262 3.7781 0.0769 0.00000000
57.0000 249.0000 3.7781 0.0769 0.00000000
0.0463 -0.1236 -0.0047 0.0003 6.57606568 6.5761 0.1040 0.00000000
58.0000 249.0000 6.5760 0.1040 0.00000000
-0.0502 0.0487 0.0398 0.0002 23.73697734 23.7370 0.2274 0.00000001
59.0000 249.0000 23.7370 0.2274 0.00000001
0.0203 -0.0697 0.0953 0.0001 2.03374629 2.0337 0.0568 0.00000000
60.0000 249.0000 2.0337 0.0568 0.00000000
0.0346 0.0209 0.0902 0.0001 3.89614027 3.8961 0.0804 0.00000000
61.0000 249.0000 3.8961 0.0804 0.00000000
0.0014 -0.0673 -0.0950 0.0001 1.16087053 1.1609 0.0444 0.00000000
62.0000 249.0000 1.1609 0.0444 0.00000000
-0.0307 0.0873 -0.0674 0.0001 3.81592864 3.8159 0.0830 0.00000000
63.0000 249.0000 3.8159 0.0830 0.00000000
0.0786 0.0180 0.0484 0.0001 6.48217813 6.4822 0.1105 0.06637584
64.0000 249.0000 6.4823 0.1105 0.06637746
0.0408 0.0393 0.0370 0.2848 0.99252873 0.9925 0.0425 0.02658390
65.0000 16.0000 0.9925 0.0425 0.02658397
-0.3626 0.1756 0.0528 0.1818 1.06930973 1.0693 0.0406 0.00604002
66.0000 249.0000 1.0693 0.0406 0.00604003
-1.7529 -0.5541 -0.7362 0.0903 1.53198754 1.5320 0.0511 0.00261160
67.0000 249.0000 1.5320 0.0511 0.00261159
-0.1482 -0.0535 -0.1001 0.0870 1.87897436 1.8790 0.0590 0.01356274
68.0000 249.0000 1.8790 0.0590 0.01356288
-0.5202 -0.0572 -0.4382 0.1363 1.02575181 1.0258 0.0408 0.00663360
69.0000 249.0000 1.0258 0.0408 0.00663355
-0.1839 -0.0335 -0.2583 0.1401 1.34849175 1.3485 0.0489 0.00422645
70.0000 249.0000 1.3485 0.0489 0.00422652
0.0241 0.1063 -0.0149 0.1088 1.00353801 1.0035 0.0392 0.00149355
71.0000 27.0000 1.0035 0.0392 0.00149358
-0.6422 -0.3903 -0.3729 0.0640 3.88044353 3.8804 0.0834 0.00050077
72.0000 249.0000 3.8804 0.0834 0.00050077
-0.2649 -0.0130 -0.2727 0.0632 1.00834424 1.0083 0.0401 0.00385931
73.0000 194.0000 1.0083 0.0401 0.00385929
-0.2660 -0.1043 -0.1545 0.1076 1.60147252 1.6015 0.0548 0.00993019
74.0000 249.0000 1.6015 0.0548 0.00993023
-0.5271 -0.1395 -0.3211 0.0915 1.81205583 1.8121 0.0519 0.00178988
75.0000 249.0000 1.8121 0.0519 0.00178988
-0.1897 -0.0264 -0.0716 0.0709 1.28472123 1.2847 0.0490 0.00114772
76.0000 249.0000 1.2847 0.0490 0.00114770
-0.0515 -0.1077 0.0113 0.0507 1.48285737 1.4829 0.0499 0.00846892
77.0000 249.0000 1.4829 0.0499 0.00846896
-1.8814 -1.0417 -0.9691 0.0527 1.31182548 1.3118 0.0476 0.01075332
78.0000 249.0000 1.3118 0.0476 0.01075341
-0.2508 -0.0385 -0.0451 0.0915 1.14978145 1.1498 0.0415 0.00436178
79.0000 249.0000 1.1498 0.0415 0.00436176
-0.2396 -0.1318 -0.1877 0.0645 2.05151234 2.0515 0.0612 0.00131986
80.0000 249.0000 2.0515 0.0612 0.00131986
-0.0943 -0.0392 -0.0423 0.0551 0.99051625 0.9905 0.0383 0.00054244
81.0000 45.0000 0.9905 0.0383 0.00054243
-0.1806 -0.0834 -0.1430 0.0397 1.28036142 1.2804 0.0447 0.00130721
82.0000 249.0000 1.2804 0.0447 0.00130722
-0.2445 -0.2085 -0.0464 0.0983 1.27138888 1.2714 0.0413 0.00325100
83.0000 249.0000 1.2714 0.0413 0.00325099
-0.0766 -0.1091 -0.1034 0.0788 0.75654051 0.7565 0.0336 0.00327193
84.0000 249.0000 0.7565 0.0336 0.00327195
-0.1436 0.1058 -0.0857 0.0520 1.09585559 1.0959 0.0433 0.00097237
85.0000 249.0000 1.0958 0.0433 0.00097236
-0.0387 -0.0353 -0.0132 0.0351 2.51548568 2.5155 0.0711 0.00019584
86.0000 249.0000 2.5155 0.0711 0.00019585
-1.1167 0.0819 -0.9889 0.0260 2.56933381 2.5693 0.0661 0.00217223
87.0000 249.0000 2.5693 0.0661 0.00217221
-1.2714 -0.5338 -0.3445 0.0495 1.01675675 1.0168 0.0458 0.00287196
88.0000 249.0000 1.0167 0.0458 0.00287191
-0.6652 -0.1855 -0.3638 0.0435 2.80610982 2.8061 0.0667 0.00870781
89.0000 249.0000 2.8061 0.0667 0.00870763
-0.6672 -0.3961 -0.3587 0.0399 1.45378040 1.4538 0.0459 0.00246744
90.0000 249.0000 1.4538 0.0459 0.00246737
-0.0882 0.0931 0.0034 0.0355 0.99008679 0.9901 0.0408 0.00052344
91.0000 72.0000 0.9901 0.0408 0.00052342
-0.1838 0.1319 -0.1073 0.0286 1.69643088 1.6964 0.0503 0.00829378
92.0000 249.0000 1.6964 0.0503 0.00829352
-0.1766 -0.0545 -0.0448 0.0398 1.18378606 1.1838 0.0468 0.00279528
93.0000 249.0000 1.1838 0.0468 0.00279523
-0.2425 -0.2725 -0.0621 0.0388 1.21315999 1.2132 0.0414 0.00117389
94.0000 249.0000 1.2132 0.0414 0.00117388
-0.0935 -0.1374 0.0122 0.0361 1.00391300 1.0039 0.0383 0.00021843
95.0000 40.0000 1.0039 0.0383 0.00021842
0.0126 -0.1493 -0.0593 0.0234 2.44394459 2.4439 0.0659 0.00005368
96.0000 249.0000 2.4439 0.0659 0.00005368
-0.2802 0.1033 -0.3113 0.0213 2.26736961 2.2674 0.0638 0.00125150
97.0000 249.0000 2.2674 0.0638 0.00125151
-0.5238 -0.0354 -0.2146 0.0355 1.63487622 1.6349 0.0508 0.00110722
98.0000 249.0000 1.6349 0.0508 0.00110723
-1.0371 -0.4728 -0.4501 0.0291 1.00943805 1.0094 0.0421 0.00049102
99.0000 232.0000 1.0094 0.0421 0.00049103
