Model:
 Sequential(
  (0): Linear(in_features=4, out_features=100, bias=True)
  (1): Tanh()
  (2): Dropout(p=0.25, inplace=False)
  (3): Linear(in_features=100, out_features=100, bias=True)
  (4): Tanhshrink()
  (5): Linear(in_features=100, out_features=100, bias=True)
  (6): Tanhshrink()
  (7): Tanh()
  (8): Dropout(p=0.35, inplace=False)
  (9): Linear(in_features=100, out_features=100, bias=True)
  (10): Tanh()
  (11): Linear(in_features=100, out_features=100, bias=True)
  (12): Tanh()
  (13): Linear(in_features=100, out_features=4, bias=True)
)
-1.3477 -1.1031 -0.6773 0.0232 1.33459928 1.3346 0.0439 0.00001358
0.0000 24999.0000 1.3346 0.0439 0.00001358
-1.0541 -0.8506 -0.8295 0.0168 1.00971342 1.0097 0.0407 0.00000782
1.0000 430.0000 1.0097 0.0407 0.00000782
-1.5276 -0.7583 -0.6140 0.0157 1.00971750 1.0097 0.0383 0.00000429
2.0000 595.0000 1.0097 0.0383 0.00000429
-1.4352 -0.7073 -0.4758 0.0141 1.00897053 1.0090 0.0397 0.00000396
3.0000 658.0000 1.0090 0.0397 0.00000396
-1.3299 -0.9362 -0.9155 0.0121 1.00438161 1.0044 0.0428 0.00000237
4.0000 405.0000 1.0044 0.0428 0.00000237
-1.2351 -0.6241 -0.9621 0.0115 1.00954999 1.0095 0.0420 0.00000983
5.0000 715.0000 1.0096 0.0420 0.00000983
-0.4813 -0.3124 -0.3159 0.0101 1.00686776 1.0069 0.0374 0.00000823
6.0000 197.0000 1.0069 0.0374 0.00000823
-1.0604 -0.3305 -0.2871 0.0091 1.00905637 1.0091 0.0421 0.00000499
7.0000 351.0000 1.0091 0.0421 0.00000499
-2.9584 -2.1769 3.8984 0.0113 1.58573061 1.5857 0.0504 0.00000864
8.0000 24999.0000 1.5857 0.0504 0.00000864
-1.1255 -0.2261 -0.1999 0.0076 1.00966757 1.0097 0.0416 0.00000278
9.0000 658.0000 1.0097 0.0416 0.00000278
-0.7021 -0.6812 -0.9698 0.0143 1.00277080 1.0028 0.0433 0.00000632
10.0000 315.0000 1.0028 0.0433 0.00000632
-0.6105 -0.5470 -0.8680 0.0130 1.00921409 1.0092 0.0446 0.00000431
11.0000 792.0000 1.0092 0.0446 0.00000431
-0.8229 -0.0987 -1.4991 0.0118 1.54745482 1.5475 0.0456 0.00000382
12.0000 24999.0000 1.5475 0.0456 0.00000382
-1.0779 -0.7795 -0.8185 0.0113 1.00993043 1.0099 0.0402 0.00000276
13.0000 380.0000 1.0099 0.0402 0.00000276
-1.3070 -0.6525 -0.4000 0.0117 1.00908861 1.0091 0.0409 0.00000240
14.0000 548.0000 1.0091 0.0409 0.00000240
-0.6868 -0.2804 -0.3837 0.0134 1.00930317 1.0093 0.0427 0.00001966
15.0000 252.0000 1.0093 0.0427 0.00001966
-5.1948 -8.4350 9.6529 0.0237 1.73539561 1.7354 0.0534 0.00001803
16.0000 24999.0000 1.7354 0.0534 0.00001803
-1.4688 -0.3449 -0.2539 0.0112 1.00998860 1.0100 0.0422 0.00000678
17.0000 962.0000 1.0100 0.0422 0.00000678
-1.8099 -0.7060 -0.3883 0.0099 1.00998715 1.0100 0.0435 0.00000274
18.0000 1842.0000 1.0100 0.0435 0.00000274
3.3211 -11.0127 -9.0909 -0.0022 1.00944216 1.0094 0.0411 0.00000261
19.0000 7248.0000 1.0094 0.0411 0.00000261
0.2075 -0.3131 -3.5519 0.0016 1.28801967 1.2880 0.0491 0.00000264
20.0000 24999.0000 1.2880 0.0491 0.00000264
-1.3852 -0.3380 -0.1846 0.0035 1.00905535 1.0091 0.0417 0.00000116
21.0000 1259.0000 1.0090 0.0417 0.00000116
-0.9918 -1.9485 -0.8876 0.0028 1.39576637 1.3958 0.0484 0.00000090
22.0000 24999.0000 1.3958 0.0484 0.00000090
-1.3446 -0.6603 -0.2809 0.0026 1.00922020 1.0092 0.0413 0.00000037
23.0000 1736.0000 1.0092 0.0413 0.00000037
-1.2863 -0.6051 -0.3565 0.0025 1.00957499 1.0096 0.0359 0.00000058
24.0000 2359.0000 1.0096 0.0359 0.00000058
-0.6518 -1.4498 -0.8874 0.0022 1.00981791 1.0098 0.0382 0.00000067
25.0000 6620.0000 1.0098 0.0382 0.00000067
-1.1531 -0.1898 -0.3916 0.0023 1.00973296 1.0097 0.0407 0.00000045
26.0000 649.0000 1.0097 0.0407 0.00000045
-1.3088 -0.4216 -0.2603 0.0022 1.00949612 1.0095 0.0367 0.00000035
27.0000 1264.0000 1.0095 0.0367 0.00000035
-1.0880 -0.4337 -0.3176 0.0021 1.00985892 1.0099 0.0387 0.00000028
28.0000 1825.0000 1.0099 0.0387 0.00000028
-1.1801 -3.8027 -0.3768 0.0018 2.47712756 2.4771 0.0620 0.00000036
29.0000 24999.0000 2.4771 0.0620 0.00000036
-1.0423 -0.3548 -0.3931 0.0014 1.00869510 1.0087 0.0376 0.00000027
30.0000 564.0000 1.0087 0.0376 0.00000027
-1.4540 -0.2213 -0.1712 0.0013 1.00919503 1.0092 0.0410 0.00000018
31.0000 934.0000 1.0092 0.0410 0.00000018
-1.0791 -0.3021 -0.2395 0.0012 1.00989762 1.0099 0.0405 0.00000010
32.0000 2645.0000 1.0099 0.0405 0.00000010
-1.1030 -0.3986 -0.2526 0.0010 1.00926296 1.0093 0.0436 0.00000007
33.0000 2408.0000 1.0093 0.0436 0.00000007
0.9606 -6.7234 -3.2127 0.0004 0.99888111 0.9989 0.0429 0.00000085
34.0000 7033.0000 0.9989 0.0429 0.00000085
0.2067 -0.0637 -2.1929 0.0028 1.27496051 1.2750 0.0486 0.00000149
35.0000 24999.0000 1.2750 0.0486 0.00000149
-1.0259 -0.4439 -0.5759 0.0040 1.00996600 1.0100 0.0406 0.00000116
36.0000 1163.0000 1.0100 0.0406 0.00000116
-0.8097 -0.1644 -0.2571 0.0037 1.00944086 1.0094 0.0401 0.00000097
37.0000 763.0000 1.0094 0.0401 0.00000097
-0.9039 0.3599 -0.8771 0.0034 1.27574188 1.2757 0.0431 0.00000091
38.0000 24999.0000 1.2757 0.0431 0.00000091
1.7409 -3.1176 -4.4365 0.0004 1.00922971 1.0092 0.0408 0.00000018
39.0000 13023.0000 1.0092 0.0408 0.00000018
-0.3438 -1.1388 -1.2471 0.0008 1.30856553 1.3086 0.0511 0.00000003
40.0000 24999.0000 1.3086 0.0511 0.00000003
-0.3386 -1.2440 -1.1078 0.0011 9.22643368 9.2264 0.1360 0.00000010
41.0000 24999.0000 9.2264 0.1360 0.00000010
-0.6242 -0.3912 -0.3584 0.0008 1.00779884 1.0078 0.0376 0.00000001
42.0000 3016.0000 1.0078 0.0376 0.00000001
-0.4827 -1.1047 -0.6850 0.0009 9.38886587 9.3889 0.1339 0.00000005
43.0000 24999.0000 9.3889 0.1339 0.00000005
-1.3224 1.8210 -0.5178 0.0008 1.00997163 1.0100 0.0385 0.00000002
44.0000 22095.0000 1.0100 0.0385 0.00000002
-0.2595 -0.1840 -0.2913 0.0005 1.00710794 1.0071 0.0416 0.00000003
45.0000 566.0000 1.0071 0.0416 0.00000003
-0.3777 0.0081 -0.0912 0.0005 1.00950148 1.0095 0.0416 0.00000002
46.0000 1286.0000 1.0095 0.0416 0.00000002
-0.7344 0.0420 -0.0892 0.0005 1.00820933 1.0082 0.0408 0.00000002
47.0000 1430.0000 1.0082 0.0408 0.00000002
-0.7879 -0.1809 -0.0081 0.0005 1.00908749 1.0091 0.0377 0.00000001
48.0000 466.0000 1.0091 0.0377 0.00000001
0.6220 -1.0071 -3.0464 0.0003 2.53821437 2.5382 0.0661 0.00000001
49.0000 24999.0000 2.5382 0.0661 0.00000001
-0.6149 -0.4498 -0.5372 0.0003 4.72825667 4.7283 0.0884 0.00000002
50.0000 24999.0000 4.7283 0.0884 0.00000002
-0.6216 -0.0911 -0.0723 0.0002 1.00738246 1.0074 0.0430 0.00000000
51.0000 638.0000 1.0074 0.0430 0.00000000
-1.0201 -0.0095 -0.0444 0.0002 1.00966504 1.0097 0.0327 0.00000000
52.0000 2121.0000 1.0097 0.0327 0.00000000
-0.6467 -0.2203 -0.0779 0.0002 1.00802334 1.0080 0.0389 0.00000000
53.0000 3120.0000 1.0080 0.0389 0.00000000
1.9671 -6.3702 -1.6853 0.0001 3.18816141 3.1882 0.0748 0.00000000
54.0000 24999.0000 3.1882 0.0748 0.00000000
-0.1784 -0.3415 -0.4963 0.0002 29.32324152 29.3232 0.2658 0.00000003
55.0000 24999.0000 29.3233 0.2658 0.00000003
-0.4198 -0.5998 -0.0900 0.0004 31.35154805 31.3515 0.2685 0.00000002
56.0000 24999.0000 31.3516 0.2685 0.00000002
-0.3636 -0.3324 -0.2173 0.0003 0.99819239 0.9982 0.0404 0.00000000
57.0000 2388.0000 0.9982 0.0404 0.00000000
-0.2559 -1.1949 -0.2415 0.0002 20.59630452 20.5963 0.2202 0.00000001
58.0000 24999.0000 20.5963 0.2202 0.00000001
1.2065 0.5596 -3.8554 0.0002 29.69419575 29.6942 0.2165 0.00000001
59.0000 24999.0000 29.6941 0.2165 0.00000001
-0.2097 -0.2143 -0.3802 0.0001 1.71636219 1.7164 0.0483 0.00000000
60.0000 24999.0000 1.7163 0.0483 0.00000000
-0.5389 -0.1038 -0.3040 -0.0001 180.17681237 180.1768 0.6549 0.00000002
61.0000 24999.0000 180.1769 0.6549 0.00000002
-0.1236 0.0684 -0.0682 0.0001 1.00239336 1.0024 0.0416 0.00000000
62.0000 1143.0000 1.0024 0.0416 0.00000000
-0.3717 -0.1351 -0.1795 0.0001 0.99656625 0.9966 0.0427 0.00000000
63.0000 3265.0000 0.9966 0.0427 0.00000000
-1.3215 0.5468 0.3039 0.0001 28.16041131 28.1604 0.2192 0.03962948
64.0000 24999.0000 28.1604 0.2192 0.03963062
-0.0057 0.0458 -0.0772 0.3390 1.00446770 1.0045 0.0402 0.02657764
65.0000 28.0000 1.0045 0.0402 0.02657739
-0.8418 11.3291 -3.1197 0.1784 1.05231875 1.0523 0.0411 0.00599935
66.0000 24999.0000 1.0523 0.0411 0.00599936
-3.2703 26.7221 -16.8885 0.0378 1.28463939 1.2846 0.0445 0.00182715
67.0000 24999.0000 1.2846 0.0445 0.00182714
-1.9814 12.8038 -19.5395 0.0050 1.12380715 1.1238 0.0420 0.00292195
68.0000 24999.0000 1.1238 0.0420 0.00292195
-0.7308 0.0126 -0.4881 0.1290 1.00989211 1.0099 0.0407 0.00701523
69.0000 703.0000 1.0099 0.0407 0.00701518
-3.5275 -0.2231 -2.8751 0.0297 1.00949557 1.0095 0.0407 0.00385701
70.0000 723.0000 1.0095 0.0407 0.00385704
0.0669 -0.1230 0.0602 0.1083 1.00693964 1.0069 0.0393 0.00146801
71.0000 25.0000 1.0069 0.0393 0.00146803
-2.9396 23.4911 -18.9684 0.0017 1.09239730 1.0924 0.0411 0.00026325
72.0000 24999.0000 1.0924 0.0411 0.00026325
-0.2945 -0.0827 -0.1477 0.0632 1.00996337 1.0100 0.0400 0.00387737
73.0000 101.0000 1.0100 0.0400 0.00387735
-7.9315 -20.2768 22.4909 0.0540 1.53615664 1.5362 0.0534 0.00906015
74.0000 24999.0000 1.5362 0.0534 0.00906016
-3.4729 17.6115 -3.2000 0.0556 1.64058370 1.6406 0.0500 0.00158200
75.0000 24999.0000 1.6406 0.0500 0.00158200
-3.2429 -1.0199 -3.2445 0.0135 1.00988852 1.0099 0.0392 0.00100997
76.0000 1616.0000 1.0099 0.0392 0.00100995
-0.4566 -1.3513 -6.6355 0.0219 1.08928428 1.0893 0.0455 0.00258888
77.0000 24999.0000 1.0893 0.0455 0.00258892
10.5637 -67.0078 -38.1894 -0.1519 1.24586944 1.2459 0.0464 0.01040286
78.0000 24999.0000 1.2459 0.0464 0.01040296
-1.0564 -0.1423 -0.6259 0.0751 1.00273183 1.0027 0.0382 0.00327199
79.0000 209.0000 1.0027 0.0382 0.00327199
-4.6553 8.6757 -3.4644 0.0073 1.45569619 1.4557 0.0496 0.00100334
80.0000 24999.0000 1.4557 0.0496 0.00100331
-0.0913 -0.0535 0.0799 0.0554 1.00869455 1.0087 0.0388 0.00054318
81.0000 36.0000 1.0087 0.0388 0.00054318
-1.5697 -0.8118 -1.1189 0.0264 1.00386384 1.0039 0.0403 0.00147820
82.0000 1622.0000 1.0039 0.0403 0.00147822
-3.3502 -19.7115 1.8974 0.0201 1.06619124 1.0662 0.0399 0.00274837
83.0000 24999.0000 1.0662 0.0399 0.00274841
0.0594 0.0264 -0.1033 0.0700 1.00536418 1.0054 0.0402 0.00332595
84.0000 19.0000 1.0054 0.0402 0.00332598
-0.9100 -0.4270 -0.8996 0.0395 1.00895202 1.0090 0.0409 0.00096179
85.0000 2142.0000 1.0089 0.0409 0.00096178
-2.5696 -1.4538 -2.3240 0.0107 1.00767570 1.0077 0.0462 0.00013269
86.0000 866.0000 1.0077 0.0462 0.00013269
1.9068 -24.0010 -12.6772 -0.0216 1.14443483 1.1444 0.0444 0.00157625
87.0000 24999.0000 1.1444 0.0444 0.00157627
-1.2732 -0.7839 -0.7083 0.0485 0.99911797 0.9991 0.0461 0.00278835
88.0000 319.0000 0.9991 0.0461 0.00278831
-8.2689 55.4504 1.4581 0.0480 1.64422004 1.6442 0.0543 0.00259431
89.0000 24999.0000 1.6442 0.0543 0.00259434
-2.3893 -1.6187 -1.0329 0.0225 1.00725078 1.0073 0.0417 0.00139073
90.0000 1056.0000 1.0073 0.0417 0.00139077
-0.0038 0.0960 -0.0442 0.0401 0.99942592 0.9994 0.0403 0.00059972
91.0000 29.0000 0.9994 0.0403 0.00059969
-2.3100 -0.4620 -1.4032 0.0145 1.00921352 1.0092 0.0388 0.00326109
92.0000 857.0000 1.0092 0.0388 0.00326095
1.9286 52.3554 -20.6353 0.0013 1.00985672 1.0099 0.0423 0.00228649
93.0000 11183.0000 1.0099 0.0423 0.00228649
-1.7447 -1.2430 -1.0693 0.0180 1.00890282 1.0089 0.0389 0.00085387
94.0000 714.0000 1.0089 0.0389 0.00085387
0.0478 -0.0564 0.0034 0.0369 1.00899471 1.0090 0.0386 0.00022327
95.0000 29.0000 1.0090 0.0386 0.00022326
-3.3535 -0.3988 -1.9975 0.0037 1.40865813 1.4087 0.0488 0.00003387
96.0000 24999.0000 1.4087 0.0488 0.00003387
-0.7959 1.3614 -6.0010 0.0073 1.00937073 1.0094 0.0429 0.00057602
97.0000 1368.0000 1.0094 0.0429 0.00057602
8.5873 -26.5151 -28.3381 -0.0613 1.08075753 1.0808 0.0339 0.00037755
98.0000 24999.0000 1.0808 0.0339 0.00037755
-0.9993 -0.5741 -0.5880 0.0287 1.00374624 1.0037 0.0420 0.00048415
99.0000 310.0000 1.0038 0.0420 0.00048416
