-0.6491 -0.2913 -0.4140 0.0199 1.00918946 1.0092 0.0363 0.00001562
0.0000 244.0000 1.0092 0.0363 0.00001562
-1.3305 -0.1830 -0.3758 0.0158 1.00659605 1.0066 0.0469 0.00001137
1.0000 327.0000 1.0066 0.0469 0.00001137
-1.6400 -0.3520 -0.2029 0.0154 1.00887423 1.0089 0.0632 0.00001665
2.0000 273.0000 1.0089 0.0632 0.00001665
-1.0760 -0.3008 -0.2359 0.0130 1.00633327 1.0063 0.0934 0.00003266
3.0000 186.0000 1.0063 0.0934 0.00003266
-1.6164 0.5903 -1.1742 0.0119 1.00999848 1.0100 0.1277 0.00002692
4.0000 16454.0000 1.0100 0.1277 0.00002692
-0.5709 -0.5507 -0.8380 0.0101 1.00925008 1.0093 0.0375 0.00001424
5.0000 403.0000 1.0092 0.0375 0.00001424
-0.9971 -0.5513 -0.4618 0.0097 1.00572211 1.0057 0.0475 0.00001053
6.0000 322.0000 1.0057 0.0475 0.00001053
-2.0143 -0.0306 -1.8718 0.0072 1.03586299 1.0359 0.0622 0.00001112
7.0000 24999.0000 1.0359 0.0622 0.00001112
-1.8076 -0.4154 0.0016 0.0087 1.00926232 1.0093 0.0727 0.00001649
8.0000 283.0000 1.0093 0.0727 0.00001649
-0.5355 -0.0138 -0.2422 0.0072 1.00844094 1.0084 0.0943 0.00004174
9.0000 156.0000 1.0084 0.0943 0.00004174
