0.0000 0.0000 0.0000 0.0222 4.80836666 4.8084 0.0941 0.00010083
0.0000 24999.0000 4.7908 0.0941 0.00010083
0.0000 0.0000 0.0000 0.0151 6.07143142 6.0714 0.0997 0.00005126
1.0000 24999.0000 6.0697 0.0997 0.00005126
0.0000 0.0000 0.0000 0.0137 10.23782307 10.2378 0.1405 0.00006643
2.0000 24999.0000 10.2311 0.1405 0.00006643
0.0000 0.0000 0.0000 0.0123 11.21260156 11.2126 0.1431 0.00005332
3.0000 24999.0000 11.1950 0.1431 0.00005332
0.0000 0.0000 0.0000 0.0137 10.09372824 10.0937 0.1236 0.00006430
4.0000 24999.0000 10.0903 0.1236 0.00006430
0.0000 0.0000 0.0000 0.0101 4.11152262 4.1115 0.0924 0.00006051
5.0000 24999.0000 4.1107 0.0924 0.00006051
0.0000 0.0000 0.0000 0.0108 2.48146673 2.4815 0.0628 0.00002634
6.0000 24999.0000 2.4787 0.0628 0.00002634
0.0000 0.0000 0.0000 0.0106 5.22698331 5.2270 0.0917 0.00004769
7.0000 24999.0000 5.2258 0.0917 0.00004769
0.0000 0.0000 0.0000 0.0088 5.11551779 5.1155 0.0926 0.00002880
8.0000 24999.0000 5.1126 0.0926 0.00002880
0.0000 0.0000 0.0000 0.0089 4.85415586 4.8542 0.0882 0.00003071
9.0000 24999.0000 4.8470 0.0882 0.00003071
0.0000 0.0000 0.0000 0.0117 3.37782331 3.3778 0.0797 0.00002031
10.0000 24999.0000 3.3737 0.0797 0.00002031
0.0000 0.0000 0.0000 0.0132 3.88478369 3.8848 0.0823 0.00002106
11.0000 24999.0000 3.8822 0.0823 0.00002106
0.0000 0.0000 0.0000 0.0122 5.75722847 5.7572 0.0973 0.00002353
12.0000 24999.0000 5.7557 0.0973 0.00002353
0.0000 0.0000 0.0000 0.0116 8.32380303 8.3238 0.1194 0.00003105
13.0000 24999.0000 8.3237 0.1194 0.00003105
0.0000 0.0000 0.0000 0.0117 10.12928931 10.1293 0.1275 0.00003690
14.0000 24999.0000 10.1290 0.1275 0.00003690
0.0000 0.0000 0.0000 0.0132 2.36787720 2.3679 0.0672 0.00005591
15.0000 24999.0000 2.3679 0.0672 0.00005591
0.0000 0.0000 0.0000 0.0139 5.97283360 5.9728 0.1018 0.00011020
16.0000 24999.0000 5.9728 0.1018 0.00011019
0.0000 0.0000 0.0000 0.0130 3.95432586 3.9543 0.0763 0.00004125
17.0000 24999.0000 3.9532 0.0763 0.00004125
0.0000 0.0000 0.0000 0.0110 5.08373526 5.0837 0.0975 0.00002161
18.0000 24999.0000 5.0166 0.0975 0.00002161
0.0000 0.0000 0.0000 0.0078 14.69965747 14.6997 0.1759 0.00002689
19.0000 24999.0000 14.6996 0.1759 0.00002689
0.0000 0.0000 0.0000 0.0038 3.30922055 3.3092 0.0791 0.00000720
20.0000 24999.0000 3.3080 0.0791 0.00000720
0.0000 0.0000 0.0000 0.0042 6.22222982 6.2222 0.1027 0.00001224
21.0000 24999.0000 6.2214 0.1027 0.00001224
0.0000 0.0000 0.0000 0.0035 5.55440144 5.5544 0.0962 0.00000757
22.0000 24999.0000 5.5536 0.0962 0.00000757
0.0000 0.0000 0.0000 0.0031 6.38209891 6.3821 0.0978 0.00000743
23.0000 24999.0000 6.3820 0.0978 0.00000743
0.0000 0.0000 0.0000 0.0029 5.57441334 5.5744 0.0855 0.00000606
24.0000 24999.0000 5.5732 0.0855 0.00000606
0.0000 0.0000 0.0000 0.0025 2.35661772 2.3566 0.0603 0.00000222
25.0000 24999.0000 2.3565 0.0603 0.00000222
0.0000 0.0000 0.0000 0.0026 4.05353767 4.0535 0.0833 0.00000328
26.0000 24999.0000 4.0515 0.0833 0.00000328
0.0000 0.0000 0.0000 0.0025 5.79716329 5.7972 0.1016 0.00000377
27.0000 24999.0000 5.7969 0.1016 0.00000377
0.0000 0.0000 0.0000 0.0023 5.07253277 5.0725 0.0923 0.00000234
28.0000 24999.0000 5.0492 0.0923 0.00000234
0.0000 0.0000 0.0000 0.0018 6.74811139 6.7481 0.1100 0.00000250
29.0000 24999.0000 6.7461 0.1100 0.00000250
0.0000 0.0000 0.0000 0.0013 3.05681829 3.0568 0.0727 0.00000089
30.0000 24999.0000 3.0566 0.0727 0.00000089
0.0000 0.0000 0.0000 0.0014 5.13196094 5.1320 0.0944 0.00000127
31.0000 24999.0000 5.1290 0.0944 0.00000127
0.0000 0.0000 0.0000 0.0013 3.53647147 3.5365 0.0823 0.00000052
32.0000 24999.0000 3.5364 0.0823 0.00000052
0.0000 0.0000 0.0000 0.0012 5.34338522 5.3434 0.0974 0.00000065
33.0000 24999.0000 5.3432 0.0974 0.00000065
0.0000 0.0000 0.0000 0.0012 8.54519719 8.5452 0.1154 0.00000359
34.0000 24999.0000 8.5447 0.1154 0.00000359
0.0000 0.0000 0.0000 0.0038 2.26944480 2.2694 0.0638 0.00000310
35.0000 24999.0000 2.2694 0.0638 0.00000310
0.0000 0.0000 0.0000 0.0039 4.31883705 4.3188 0.0812 0.00000604
36.0000 24999.0000 4.3188 0.0812 0.00000604
0.0000 0.0000 0.0000 0.0039 3.57116077 3.5712 0.0754 0.00000519
37.0000 24999.0000 3.5711 0.0754 0.00000519
0.0000 0.0000 0.0000 0.0036 4.38286738 4.3829 0.0815 0.00000585
38.0000 24999.0000 4.3828 0.0815 0.00000585
0.0000 0.0000 0.0000 0.0011 15.51481820 15.5148 0.1530 0.00000314
39.0000 24999.0000 15.5148 0.1530 0.00000314
0.0000 0.0000 0.0000 0.0009 3.47103949 3.4710 0.0704 0.00000007
40.0000 24999.0000 3.4663 0.0704 0.00000007
0.0000 0.0000 0.0000 0.0009 4.84508079 4.8451 0.0936 0.00000008
41.0000 24999.0000 4.8448 0.0936 0.00000008
0.0000 0.0000 0.0000 0.0008 5.42168173 5.4217 0.0965 0.00000007
42.0000 24999.0000 5.4209 0.0965 0.00000007
0.0000 0.0000 0.0000 0.0008 6.37805498 6.3781 0.1033 0.00000006
43.0000 24999.0000 6.3754 0.1033 0.00000006
0.0000 0.0000 0.0000 0.0008 4.58280986 4.5828 0.0869 0.00000008
44.0000 24999.0000 4.5826 0.0869 0.00000008
0.0000 0.0000 0.0000 0.0005 1.77264808 1.7726 0.0527 0.00000004
45.0000 24999.0000 1.7725 0.0527 0.00000004
0.0000 0.0000 0.0000 0.0005 1.77630608 1.7763 0.0538 0.00000004
46.0000 24999.0000 1.7759 0.0538 0.00000004
0.0000 0.0000 0.0000 0.0005 3.59608774 3.5961 0.0802 0.00000007
47.0000 24999.0000 3.5911 0.0802 0.00000007
0.0000 0.0000 0.0000 0.0005 4.55117010 4.5512 0.0869 0.00000007
48.0000 24999.0000 4.5441 0.0869 0.00000007
0.0000 0.0000 0.0000 0.0004 6.25644198 6.2564 0.1099 0.00000005
49.0000 24999.0000 6.2564 0.1099 0.00000005
0.0000 0.0000 0.0000 0.0002 2.58147227 2.5815 0.0656 0.00000001
50.0000 24999.0000 2.5813 0.0656 0.00000001
0.0000 0.0000 0.0000 0.0002 2.78808899 2.7881 0.0683 0.00000001
51.0000 24999.0000 2.7858 0.0683 0.00000001
0.0000 0.0000 0.0000 0.0002 4.14180894 4.1418 0.0795 0.00000001
52.0000 24999.0000 4.1418 0.0795 0.00000001
0.0000 0.0000 0.0000 0.0002 4.98004505 4.9800 0.0829 0.00000001
53.0000 24999.0000 4.9794 0.0829 0.00000001
0.0000 0.0000 0.0000 0.0002 12.66982484 12.6698 0.1519 0.00000002
54.0000 24999.0000 12.6666 0.1519 0.00000002
0.0000 0.0000 0.0000 0.0003 2.09600042 2.0960 0.0528 0.00000000
55.0000 24999.0000 1.9236 0.0528 0.00000000
0.0000 0.0000 0.0000 0.0003 2.64706260 2.6471 0.0658 0.00000000
56.0000 24999.0000 2.6446 0.0658 0.00000000
0.0000 0.0000 0.0000 0.0003 3.71622608 3.7162 0.0775 0.00000000
57.0000 24999.0000 3.7159 0.0775 0.00000000
0.0000 0.0000 0.0000 0.0002 6.82491846 6.8249 0.1068 0.00000000
58.0000 24999.0000 6.8245 0.1068 0.00000000
0.0000 0.0000 0.0000 0.0002 23.63585234 23.6359 0.2262 0.00000001
59.0000 24999.0000 23.6357 0.2262 0.00000001
0.0000 0.0000 0.0000 0.0001 2.11671391 2.1167 0.0562 0.00000000
60.0000 24999.0000 2.1154 0.0562 0.00000000
0.0000 0.0000 0.0000 0.0001 3.61634172 3.6163 0.0796 0.00000000
61.0000 24999.0000 3.6040 0.0796 0.00000000
0.0000 0.0000 0.0000 0.0001 2.09567708 2.0957 0.0564 0.00000000
62.0000 24999.0000 2.0874 0.0564 0.00000000
0.0000 0.0000 0.0000 0.0001 4.21746471 4.2175 0.0884 0.00000000
63.0000 24999.0000 4.2172 0.0884 0.00000000
0.0000 0.0000 0.0000 0.0001 5.99011805 5.9901 0.1110 0.06420416
64.0000 24999.0000 5.9889 0.1110 0.06420572
0.0000 0.0000 0.0000 0.3325 0.99585055 0.9959 0.0400 0.02618882
65.0000 84.0000 0.9552 0.0400 0.02618861
0.0000 0.0000 0.0000 0.1914 1.11523971 1.1152 0.0399 0.00616334
66.0000 24999.0000 1.0855 0.0399 0.00616336
0.0000 0.0000 0.0000 0.1377 2.08182973 2.0818 0.0604 0.00406853
67.0000 24999.0000 2.0062 0.0604 0.00406853
0.0000 0.0000 0.0000 0.0841 2.18237419 2.1824 0.0635 0.01440874
68.0000 24999.0000 2.1791 0.0635 0.01440887
0.0000 0.0000 0.0000 0.1576 1.08404451 1.0840 0.0412 0.00590985
69.0000 24999.0000 1.0829 0.0412 0.00590983
0.0000 0.0000 0.0000 0.1449 1.38985543 1.3899 0.0500 0.00436850
70.0000 24999.0000 1.3889 0.0500 0.00436857
0.0000 0.0000 0.0000 0.1086 1.00905326 1.0091 0.0392 0.00149845
71.0000 52.0000 1.0051 0.0392 0.00149847
0.0000 0.0000 0.0000 0.0695 4.85321350 4.8532 0.0969 0.00072745
72.0000 24999.0000 4.8521 0.0969 0.00072745
0.0000 0.0000 0.0000 0.0627 1.38637864 1.3864 0.0461 0.00493542
73.0000 24999.0000 1.3831 0.0461 0.00493539
0.0000 0.0000 0.0000 0.1108 1.62583277 1.6258 0.0549 0.01001225
74.0000 24999.0000 1.6256 0.0549 0.01001228
0.0000 0.0000 0.0000 0.1039 1.89362745 1.8936 0.0530 0.00186785
75.0000 24999.0000 1.8826 0.0530 0.00186785
0.0000 0.0000 0.0000 0.0726 1.34756850 1.3476 0.0488 0.00117873
76.0000 24999.0000 1.3214 0.0488 0.00117871
0.0000 0.0000 0.0000 0.0502 1.52442433 1.5244 0.0510 0.00873062
77.0000 24999.0000 1.5223 0.0510 0.00873068
0.0000 0.0000 0.0000 0.0972 1.74429887 1.7443 0.0507 0.02132222
78.0000 24999.0000 1.7442 0.0507 0.02132235
0.0000 0.0000 0.0000 0.0938 1.21749061 1.2175 0.0429 0.00482749
79.0000 24999.0000 1.2163 0.0429 0.00482747
0.0000 0.0000 0.0000 0.0663 2.17882661 2.1788 0.0627 0.00141941
80.0000 24999.0000 2.1731 0.0627 0.00141941
0.0000 0.0000 0.0000 0.0565 1.00383529 1.0038 0.0377 0.00055672
81.0000 8.0000 0.9773 0.0377 0.00055671
0.0000 0.0000 0.0000 0.0402 1.39079256 1.3908 0.0466 0.00133683
82.0000 24999.0000 1.3896 0.0466 0.00133683
0.0000 0.0000 0.0000 0.1049 1.30398664 1.3040 0.0418 0.00345884
83.0000 24999.0000 1.3034 0.0418 0.00345883
0.0000 0.0000 0.0000 0.0699 0.99369752 0.9937 0.0399 0.00330931
84.0000 81.0000 0.9928 0.0399 0.00330933
0.0000 0.0000 0.0000 0.0546 1.11907840 1.1191 0.0438 0.00096869
85.0000 24999.0000 1.1182 0.0438 0.00096868
0.0000 0.0000 0.0000 0.0336 2.76659941 2.7666 0.0704 0.00022189
86.0000 24999.0000 2.7033 0.0704 0.00022189
0.0000 0.0000 0.0000 0.0359 4.16217198 4.1622 0.0854 0.00432063
87.0000 24999.0000 4.1620 0.0854 0.00432054
0.0000 0.0000 0.0000 0.0647 1.68537836 1.6854 0.0520 0.00626633
88.0000 24999.0000 1.6848 0.0520 0.00626616
0.0000 0.0000 0.0000 0.0504 3.55706876 3.5571 0.0768 0.01243554
89.0000 24999.0000 3.5564 0.0768 0.01243531
0.0000 0.0000 0.0000 0.0450 1.91602575 1.9160 0.0505 0.00390987
90.0000 24999.0000 1.9152 0.0505 0.00390977
0.0000 0.0000 0.0000 0.0402 1.00460466 1.0046 0.0404 0.00060074
91.0000 69.0000 1.0025 0.0404 0.00060071
0.0000 0.0000 0.0000 0.0295 1.80412574 1.8041 0.0519 0.00882416
92.0000 24999.0000 1.7875 0.0519 0.00882390
0.0000 0.0000 0.0000 0.0427 1.19808334 1.1981 0.0472 0.00291536
93.0000 24999.0000 1.1981 0.0472 0.00291530
0.0000 0.0000 0.0000 0.0413 1.26071875 1.2607 0.0425 0.00126590
94.0000 24999.0000 1.2605 0.0425 0.00126588
0.0000 0.0000 0.0000 0.0360 1.00161235 1.0016 0.0381 0.00021434
95.0000 4.0000 0.9772 0.0381 0.00021433
0.0000 0.0000 0.0000 0.0211 3.01179396 3.0118 0.0698 0.00006706
96.0000 24999.0000 3.0006 0.0698 0.00006706
0.0000 0.0000 0.0000 0.0235 2.60364726 2.6036 0.0682 0.00153204
97.0000 24999.0000 2.6031 0.0682 0.00153205
0.0000 0.0000 0.0000 0.0403 2.21582215 2.2158 0.0604 0.00188549
98.0000 24999.0000 2.2154 0.0604 0.00188551
0.0000 0.0000 0.0000 0.0349 2.24312262 2.2431 0.0652 0.00164618
99.0000 24999.0000 2.2415 0.0652 0.00164620
