-0.5386 -0.6995 -0.5958 0.0193 1.00999794 1.0100 0.0362 0.00001567
0.0000 358.0000 1.0100 0.0362 0.00001567
-1.1367 -0.5602 -0.7381 0.0149 1.00904346 1.0090 0.0470 0.00001137
1.0000 749.0000 1.0090 0.0470 0.00001137
-1.2445 -1.0573 -0.9485 0.0137 1.00804618 1.0080 0.0636 0.00001646
2.0000 328.0000 1.0080 0.0636 0.00001646
-1.0953 -0.4114 -0.1367 0.0132 1.00957175 1.0096 0.0933 0.00003320
3.0000 1604.0000 1.0096 0.0933 0.00003320
-1.6117 0.5741 -1.1769 0.0119 1.00999723 1.0100 0.1278 0.00002691
4.0000 10907.0000 1.0100 0.1278 0.00002691
-0.6486 -0.3970 -0.6976 0.0104 1.00966063 1.0097 0.0375 0.00001423
5.0000 1039.0000 1.0097 0.0375 0.00001423
-0.9605 -0.8167 -0.4766 0.0096 1.00927308 1.0093 0.0476 0.00001058
6.0000 462.0000 1.0093 0.0476 0.00001058
-0.1689 -0.3336 -6.0231 0.0023 1.00999760 1.0100 0.0606 0.00001079
7.0000 16171.0000 1.0100 0.0606 0.00001079
-1.7774 -0.2500 -0.1273 0.0086 1.00939622 1.0094 0.0726 0.00001637
8.0000 1089.0000 1.0094 0.0726 0.00001637
-0.4919 -0.2695 -0.2489 0.0072 1.00974585 1.0097 0.0945 0.00004202
9.0000 1985.0000 1.0097 0.0945 0.00004202
