Model:
 RBFNet3Layer(
  (rbf1): RBFLayer()
  (linear1): Linear(in_features=100, out_features=100, bias=True)
  (rbf2): RBFLayer()
  (linear2): Linear(in_features=100, out_features=100, bias=True)
  (rbf3): RBFLayer()
  (linear3): Linear(in_features=100, out_features=4, bias=True)
)
-1.6679 -1.7852 0.2010 0.0249 1.33032260 1.3303 0.0438 0.00001371
0.0000 24999.0000 1.3303 0.0438 0.00001371
-1.2606 -0.6364 -0.4400 0.0175 1.00269253 1.0027 0.0404 0.00000774
1.0000 69.0000 1.0027 0.0404 0.00000774
-1.7551 -0.5938 -0.2002 0.0165 0.99739920 0.9974 0.0372 0.00000417
2.0000 104.0000 0.9974 0.0372 0.00000417
-1.5385 -0.3577 -0.3505 0.0143 1.00103228 1.0010 0.0392 0.00000390
3.0000 264.0000 1.0010 0.0392 0.00000390
-1.5793 -0.8043 -0.4825 0.0127 1.00232752 1.0023 0.0418 0.00000227
4.0000 57.0000 1.0023 0.0418 0.00000227
-1.3492 -0.3275 -0.7847 0.0119 1.00562257 1.0056 0.0418 0.00000974
5.0000 257.0000 1.0056 0.0418 0.00000974
-1.5814 -0.2283 0.4912 0.0100 0.99359683 0.9936 0.0402 0.00000600
6.0000 2499.0000 0.9936 0.0402 0.00000600
-1.1827 0.0651 -0.1249 0.0094 1.00363810 1.0036 0.0421 0.00000488
7.0000 45.0000 1.0037 0.0421 0.00000488
-3.1739 -1.9128 4.3347 0.0123 1.19171676 1.1917 0.0425 0.00000759
8.0000 24999.0000 1.1917 0.0425 0.00000759
-1.0880 -0.3940 -0.2301 0.0075 1.00975007 1.0098 0.0415 0.00000277
9.0000 614.0000 1.0097 0.0415 0.00000277
-0.6587 -0.1010 -1.1938 0.0145 1.00527803 1.0053 0.0430 0.00000641
10.0000 93.0000 1.0053 0.0430 0.00000641
-0.6513 -0.6269 -0.7651 0.0132 1.00927844 1.0093 0.0446 0.00000434
11.0000 247.0000 1.0093 0.0446 0.00000434
-0.6276 0.7692 -2.1664 0.0111 1.54072329 1.5407 0.0458 0.00000384
12.0000 24999.0000 1.5407 0.0458 0.00000384
-1.2251 -0.8913 -0.4506 0.0117 0.99539012 0.9954 0.0399 0.00000271
13.0000 69.0000 0.9954 0.0399 0.00000271
-1.8910 -0.1002 -0.0033 0.0131 0.99914698 0.9991 0.0384 0.00000158
14.0000 1441.0000 0.9991 0.0384 0.00000158
-0.6449 -0.5567 -0.5419 0.0136 0.99349063 0.9935 0.0410 0.00001993
15.0000 58.0000 0.9935 0.0410 0.00001993
-5.4635 -5.3885 9.5335 0.0262 1.25479527 1.2548 0.0440 0.00001384
16.0000 24999.0000 1.2548 0.0440 0.00001384
-1.5145 0.1709 -0.3162 0.0113 1.00952119 1.0095 0.0424 0.00000677
17.0000 143.0000 1.0095 0.0424 0.00000677
-1.8211 -0.6660 -0.3730 0.0100 1.00971101 1.0097 0.0435 0.00000274
18.0000 997.0000 1.0097 0.0435 0.00000274
3.1911 -11.0729 -8.7824 -0.0020 1.00970704 1.0097 0.0422 0.00000263
19.0000 2590.0000 1.0097 0.0422 0.00000263
1.0240 0.2259 -5.4723 0.0010 1.14892290 1.1489 0.0460 0.00000242
20.0000 24999.0000 1.1489 0.0460 0.00000242
-1.3293 -0.2723 -0.3303 0.0035 1.00874325 1.0087 0.0416 0.00000116
21.0000 1202.0000 1.0087 0.0416 0.00000116
-0.4874 -3.7996 -1.3458 0.0027 1.73411131 1.7341 0.0513 0.00000095
22.0000 24999.0000 1.7341 0.0513 0.00000095
-1.3263 -0.7526 -0.2732 0.0026 1.00987615 1.0099 0.0413 0.00000037
23.0000 1490.0000 1.0099 0.0413 0.00000037
-1.2841 -0.4953 -0.4501 0.0024 1.00274637 1.0027 0.0358 0.00000057
24.0000 136.0000 1.0027 0.0358 0.00000057
-0.6569 -1.4640 -0.8754 0.0022 1.00999444 1.0100 0.0382 0.00000067
25.0000 7677.0000 1.0100 0.0382 0.00000067
-1.4015 0.1370 0.0577 0.0025 1.00913105 1.0091 0.0406 0.00000045
26.0000 401.0000 1.0091 0.0406 0.00000045
-1.2991 -0.3559 -0.3044 0.0022 1.00908260 1.0091 0.0367 0.00000035
27.0000 957.0000 1.0091 0.0367 0.00000035
-1.0415 -0.5522 -0.3747 0.0020 1.00903718 1.0090 0.0388 0.00000028
28.0000 296.0000 1.0090 0.0388 0.00000028
-0.4234 -6.5972 -1.0955 0.0010 1.00997542 1.0100 0.0377 0.00000017
29.0000 20037.0000 1.0100 0.0377 0.00000017
-1.1726 -0.1719 -0.1841 0.0014 1.00961721 1.0096 0.0378 0.00000027
30.0000 428.0000 1.0096 0.0378 0.00000027
-1.8538 -0.4048 0.1453 0.0012 1.00496212 1.0050 0.0417 0.00000018
31.0000 126.0000 1.0050 0.0417 0.00000018
-1.0669 -0.2993 -0.2655 0.0012 1.00993018 1.0099 0.0405 0.00000010
32.0000 1955.0000 1.0099 0.0405 0.00000010
-1.1698 -0.5383 -0.0480 0.0011 1.00891405 1.0089 0.0435 0.00000007
33.0000 753.0000 1.0089 0.0435 0.00000007
0.8863 -7.1863 -2.8368 0.0004 1.00875536 1.0088 0.0431 0.00000084
34.0000 1289.0000 1.0088 0.0431 0.00000084
1.9193 1.3462 -5.4146 0.0008 1.25538693 1.2554 0.0490 0.00000144
35.0000 24999.0000 1.2554 0.0490 0.00000144
-1.0301 -0.3540 -0.5899 0.0040 1.00991950 1.0099 0.0407 0.00000116
36.0000 1316.0000 1.0099 0.0407 0.00000116
-0.9004 -0.0768 -0.1296 0.0038 1.00518853 1.0052 0.0401 0.00000097
37.0000 161.0000 1.0052 0.0401 0.00000097
-0.5278 2.5230 -2.3928 0.0028 1.16020858 1.1602 0.0413 0.00000094
38.0000 24999.0000 1.1602 0.0413 0.00000094
1.7073 -3.2122 -4.3762 0.0004 1.00993162 1.0099 0.0408 0.00000018
39.0000 5656.0000 1.0099 0.0408 0.00000018
0.2309 -2.3798 -1.8368 0.0007 1.03712973 1.0371 0.0423 0.00000002
40.0000 24999.0000 1.0371 0.0423 0.00000002
0.3386 -2.5534 -1.8195 0.0006 1.02105750 1.0211 0.0417 0.00000001
41.0000 24999.0000 1.0211 0.0417 0.00000001
-0.3854 -0.6174 -0.6822 0.0008 1.00949769 1.0095 0.0380 0.00000001
42.0000 332.0000 1.0095 0.0380 0.00000001
0.0002 -2.0837 -1.1492 0.0006 1.19815269 1.1982 0.0445 0.00000001
43.0000 24999.0000 1.1982 0.0445 0.00000001
-1.3189 1.8209 -0.5309 0.0008 1.00997384 1.0100 0.0385 0.00000002
44.0000 11121.0000 1.0100 0.0385 0.00000002
-0.3136 -0.0942 -0.2253 0.0006 1.00969898 1.0097 0.0415 0.00000003
45.0000 2276.0000 1.0097 0.0415 0.00000003
-0.5286 -0.1933 0.1975 0.0005 1.00948235 1.0095 0.0417 0.00000002
46.0000 192.0000 1.0095 0.0417 0.00000002
-0.6745 -0.0460 -0.1589 0.0005 1.00842737 1.0084 0.0408 0.00000002
47.0000 434.0000 1.0084 0.0408 0.00000002
-1.2137 0.2034 -0.1747 0.0004 1.00018229 1.0002 0.0408 0.00000001
48.0000 131.0000 1.0002 0.0408 0.00000001
0.8395 -1.1556 -3.3386 0.0002 1.00971704 1.0097 0.0389 0.00000001
49.0000 11061.0000 1.0097 0.0389 0.00000001
-0.3653 -0.8699 -0.8008 0.0002 1.53005987 1.5301 0.0504 0.00000001
50.0000 24999.0000 1.5301 0.0504 0.00000001
-0.6667 -0.0275 -0.0143 0.0002 1.00930134 1.0093 0.0429 0.00000000
51.0000 722.0000 1.0093 0.0429 0.00000000
-1.3283 0.2908 0.2912 0.0002 1.00957475 1.0096 0.0330 0.00000000
52.0000 293.0000 1.0096 0.0330 0.00000000
-0.2907 -0.5219 -0.5220 0.0002 1.00869933 1.0087 0.0387 0.00000000
53.0000 385.0000 1.0087 0.0387 0.00000000
3.3011 -10.8833 -2.4780 0.0000 1.11153437 1.1115 0.0431 0.00000000
54.0000 24999.0000 1.1115 0.0431 0.00000000
-0.0278 -0.5717 -0.6310 0.0003 1.00999810 1.0100 0.0383 0.00000000
55.0000 20799.0000 1.0100 0.0383 0.00000000
-0.3992 -1.1509 -0.0012 0.0003 1.00997401 1.0100 0.0410 0.00000000
56.0000 14535.0000 1.0100 0.0410 0.00000000
-0.3108 -0.4018 -0.2434 0.0003 1.00988106 1.0099 0.0404 0.00000000
57.0000 2088.0000 1.0099 0.0404 0.00000000
0.4209 -3.1599 -0.1348 0.0002 1.46405945 1.4641 0.0492 0.00000000
58.0000 24999.0000 1.4641 0.0492 0.00000000
2.8991 0.7445 -6.7633 -0.0001 46.87360803 46.8736 0.3228 0.00000002
59.0000 24999.0000 46.8737 0.3228 0.00000002
-0.1661 -0.1953 -0.4378 0.0001 1.40608731 1.4061 0.0439 0.00000000
60.0000 24999.0000 1.4061 0.0439 0.00000000
-0.4857 0.0553 -0.4488 0.0001 1.42998477 1.4300 0.0509 0.00000000
61.0000 24999.0000 1.4300 0.0509 0.00000000
-0.1597 -0.3055 0.1588 0.0001 1.00890033 1.0089 0.0417 0.00000000
62.0000 568.0000 1.0089 0.0417 0.00000000
-0.5098 -0.0817 -0.0081 0.0001 1.00944923 1.0094 0.0430 0.00000000
63.0000 2757.0000 1.0095 0.0430 0.00000000
-2.4496 2.2165 1.0729 0.0001 1.72537615 1.7254 0.0540 0.02686638
64.0000 24999.0000 1.7254 0.0540 0.02686727
-0.6028 -0.7475 -0.3210 0.2393 0.99994459 0.9999 0.0428 0.02608010
65.0000 16.0000 1.0000 0.0428 0.02608018
-0.9380 10.6635 -2.6472 0.1767 1.05209269 1.0521 0.0410 0.00599718
66.0000 24999.0000 1.0521 0.0410 0.00599719
-3.3205 25.8052 -16.0495 0.0409 1.27836648 1.2784 0.0449 0.00179756
67.0000 24999.0000 1.2784 0.0449 0.00179754
-1.8044 12.3429 -20.7597 0.0001 1.12073536 1.1207 0.0423 0.00280648
68.0000 24999.0000 1.1207 0.0423 0.00280648
-0.7181 -0.2437 -0.5313 0.1282 1.00980594 1.0098 0.0407 0.00703502
69.0000 280.0000 1.0098 0.0407 0.00703497
-3.3883 0.3134 -3.1373 0.0329 1.00977161 1.0098 0.0404 0.00380213
70.0000 378.0000 1.0098 0.0404 0.00380216
0.5418 0.3330 0.2356 0.1194 0.99892295 0.9989 0.0397 0.00152932
71.0000 27.0000 0.9989 0.0397 0.00152934
-3.5686 24.7651 -16.8429 0.0092 1.08383189 1.0838 0.0406 0.00025967
72.0000 24999.0000 1.0838 0.0406 0.00025967
-1.7925 3.8013 -2.4037 0.0393 0.99874769 0.9987 0.0397 0.00177786
73.0000 2400.0000 0.9987 0.0397 0.00177786
-9.4336 -7.1914 27.0469 0.0860 1.53389743 1.5339 0.0535 0.00905967
74.0000 24999.0000 1.5339 0.0535 0.00905969
-3.6876 19.2520 -2.7854 0.0585 1.63952633 1.6395 0.0500 0.00157912
75.0000 24999.0000 1.6395 0.0500 0.00157913
-2.7848 -0.6017 -3.4937 0.0191 1.00991604 1.0099 0.0396 0.00099798
76.0000 534.0000 1.0099 0.0396 0.00099797
-0.4879 -1.1688 -6.5960 0.0228 1.07936483 1.0794 0.0449 0.00257821
77.0000 24999.0000 1.0794 0.0449 0.00257825
13.0484 -83.2978 -44.8947 -0.1883 1.23480000 1.2348 0.0458 0.01036676
78.0000 24999.0000 1.2348 0.0458 0.01036686
-0.8459 -0.3945 -0.9444 0.0746 1.00863049 1.0086 0.0384 0.00335823
79.0000 129.0000 1.0086 0.0384 0.00335823
-4.8363 9.5938 -3.0609 0.0081 1.45354953 1.4535 0.0499 0.00101514
80.0000 24999.0000 1.4535 0.0499 0.00101511
-0.1626 -0.2126 -0.1649 0.0535 0.99235541 0.9924 0.0383 0.00052980
81.0000 28.0000 0.9924 0.0383 0.00052980
-1.4738 -1.0539 -1.0746 0.0269 1.00999470 1.0100 0.0403 0.00146216
82.0000 723.0000 1.0100 0.0403 0.00146218
-2.8770 -22.1985 0.6104 0.0159 1.06624302 1.0662 0.0400 0.00271979
83.0000 24999.0000 1.0662 0.0400 0.00271983
0.0179 0.0939 0.0590 0.0926 1.00733883 1.0073 0.0373 0.00358669
84.0000 42.0000 1.0074 0.0373 0.00358672
-0.9260 -0.4108 -0.8237 0.0397 1.00994411 1.0099 0.0409 0.00096221
85.0000 1123.0000 1.0099 0.0409 0.00096220
-2.7186 -1.1731 -1.9931 0.0111 1.00834553 1.0083 0.0462 0.00013229
86.0000 897.0000 1.0083 0.0462 0.00013229
1.8775 -23.6746 -12.6931 -0.0214 1.14461603 1.1446 0.0445 0.00158112
87.0000 24999.0000 1.1446 0.0445 0.00158114
-1.2443 -0.3639 -0.7108 0.0468 1.00603089 1.0060 0.0451 0.00279670
88.0000 56.0000 1.0060 0.0451 0.00279666
-8.4589 54.1993 3.7297 0.0549 1.67573061 1.6757 0.0539 0.00259967
89.0000 24999.0000 1.6757 0.0539 0.00259968
-2.2769 -1.4345 0.0389 0.0284 1.00953530 1.0095 0.0411 0.00127792
90.0000 268.0000 1.0095 0.0411 0.00127794
-0.1218 -0.2295 -0.1328 0.0390 1.00013784 1.0001 0.0407 0.00053271
91.0000 32.0000 1.0001 0.0407 0.00053268
-2.4068 -0.3273 -1.0183 0.0152 1.00935111 1.0094 0.0386 0.00327833
92.0000 1555.0000 1.0093 0.0386 0.00327819
1.2030 53.0982 -18.1771 0.0075 1.00999813 1.0100 0.0425 0.00229097
93.0000 6208.0000 1.0100 0.0425 0.00229097
-1.7576 -0.9631 -0.7074 0.0211 1.00995872 1.0100 0.0382 0.00085742
94.0000 224.0000 1.0100 0.0382 0.00085742
-3.1024 -2.1431 -1.6694 0.0097 1.00873411 1.0087 0.0399 0.00018506
95.0000 1550.0000 1.0087 0.0399 0.00018506
-3.6067 0.6959 -1.4929 0.0046 1.41038877 1.4104 0.0487 0.00003377
96.0000 24999.0000 1.4104 0.0487 0.00003377
-0.6567 0.7898 -5.8910 0.0077 1.00992586 1.0099 0.0426 0.00056663
97.0000 948.0000 1.0099 0.0426 0.00056663
2.1682 -9.3122 -11.0801 -0.0071 1.09361852 1.0936 0.0356 0.00040339
98.0000 24999.0000 1.0936 0.0356 0.00040339
-1.1142 -0.6309 -0.1341 0.0298 1.00825580 1.0083 0.0421 0.00049148
99.0000 188.0000 1.0083 0.0421 0.00049149
