0.0000 1.0000 1.0000 0.5417 22535.71756902 22535.7176 7.2569 0.27423173
0.0000 24999.0000 22535.7211 7.2569 0.27423174
0.5417 0.4583 1.0000 0.4583 38852.05813561 38852.0581 9.4854 0.19872461
1.0000 24999.0000 38852.0604 9.4854 0.19872462
0.5833 0.4167 1.0000 0.4167 47374.13317868 47374.1332 10.4696 0.16456869
2.0000 24999.0000 47374.1344 10.4696 0.16456869
0.4583 0.5417 1.0000 0.5417 115018.28020984 115018.2802 16.2093 0.28207803
3.0000 24999.0000 115018.2837 16.2093 0.28207805
0.5417 0.4583 1.0000 0.4583 108861.04909308 108861.0491 15.6688 0.20118960
4.0000 24999.0000 108861.0510 15.6688 0.20118961
0.5833 0.4167 1.0000 0.4167 18095.36080885 18095.3608 6.4787 0.16852303
5.0000 24999.0000 18095.3610 6.4787 0.16852304
0.4583 0.5417 1.0000 0.5417 69398.60168158 69398.6017 12.4164 0.28554078
6.0000 24999.0000 69398.5996 12.4164 0.28554078
0.4583 0.5417 1.0000 0.5417 111832.35079163 111832.3508 15.6225 0.28698774
7.0000 24999.0000 111832.3530 15.6225 0.28698776
0.5417 0.4583 1.0000 0.4583 119525.19583768 119525.1958 16.0132 0.20478734
8.0000 24999.0000 119525.1908 16.0132 0.20478733
0.6667 0.3333 1.0000 0.3333 90549.27696646 90549.2770 13.8335 0.10775288
9.0000 24999.0000 90549.2770 13.8335 0.10775287
0.5417 0.4583 1.0000 0.4583 37917.04479725 37917.0448 9.5954 0.20092959
10.0000 24999.0000 37917.0399 9.5954 0.20092958
0.5000 0.5000 1.0000 0.5000 72638.08449159 72638.0845 13.1457 0.23994427
11.0000 24999.0000 72638.0817 13.1457 0.23994427
0.5417 0.4583 1.0000 0.4583 87552.13420993 87552.1342 14.2767 0.20112747
12.0000 24999.0000 87552.1334 14.2767 0.20112747
0.4583 0.5417 1.0000 0.5417 166257.21203694 166257.2120 19.6480 0.28375127
13.0000 24999.0000 166257.2147 19.6480 0.28375126
0.5417 0.4583 1.0000 0.4583 144372.41364661 144372.4136 18.2764 0.20208698
14.0000 24999.0000 144372.4162 18.2764 0.20208698
0.4167 0.5833 1.0000 0.5833 28478.29293781 28478.2929 8.0281 0.32978775
15.0000 24999.0000 28478.2888 8.0281 0.32978772
0.5000 0.5000 1.0000 0.5000 38609.76832513 38609.7683 9.2054 0.24232663
16.0000 24999.0000 38609.7698 9.2054 0.24232661
0.6250 0.3750 1.0000 0.3750 36280.34660285 36280.3466 9.0294 0.13284530
17.0000 24999.0000 36280.3456 9.0294 0.13284530
0.5417 0.4583 1.0000 0.4583 94410.40968305 94410.4097 14.7576 0.19911924
18.0000 24999.0000 94410.4068 14.7576 0.19911923
0.5417 0.4583 1.0000 0.4583 134156.58408971 134156.5841 17.4691 0.20321619
19.0000 24999.0000 134156.5820 17.4691 0.20321618
0.0000 1.0000 1.0000 0.4167 182591.02411252 182591.0241 19.7265 0.17118306
20.0000 24999.0000 182591.0257 19.7265 0.17118306
0.0000 1.0000 1.0000 0.3333 224509.52567234 224509.5257 21.7250 0.10944003
21.0000 24999.0000 224509.5246 21.7250 0.10944003
0.0000 1.0000 1.0000 0.4167 659914.30461145 659914.3046 36.8192 0.17148426
22.0000 24999.0000 659914.2977 36.8192 0.17148426
0.0000 1.0000 1.0000 0.2917 590243.80017936 590243.8002 34.5705 0.08388823
23.0000 24999.0000 590243.8205 34.5705 0.08388823
0.0000 1.0000 1.0000 0.3333 578652.41382362 578652.4138 32.0754 0.10992139
24.0000 24999.0000 578652.4309 32.0754 0.10992139
0.0000 1.0000 1.0000 0.3750 254792.27575181 254792.2758 23.8219 0.13902959
25.0000 24999.0000 254792.2650 23.8219 0.13902959
0.0000 1.0000 1.0000 0.5417 909472.32667943 909472.3267 44.5468 0.29139244
26.0000 24999.0000 909472.3010 44.5468 0.29139243
0.0000 1.0000 1.0000 0.5000 1253026.38204592 1253026.3820 51.9946 0.24823603
27.0000 24999.0000 1253026.3407 51.9946 0.24823602
0.0000 1.0000 1.0000 0.4583 1786284.86102028 1786284.8610 61.2197 0.20844338
28.0000 24999.0000 1786284.8609 61.2197 0.20844338
0.0000 1.0000 1.0000 0.5417 2324823.05684298 2324823.0568 69.6380 0.29223819
29.0000 24999.0000 2324823.0992 69.6380 0.29223819
0.0000 1.0000 1.0000 0.5000 1319472.47631918 1319472.4763 54.9956 0.24890484
30.0000 24999.0000 1319472.5015 54.9956 0.24890484
0.0000 1.0000 1.0000 0.4583 1925393.03949403 1925393.0395 65.4425 0.20917346
31.0000 24999.0000 1925393.0416 65.4425 0.20917346
0.5000 0.5000 1.0000 0.5000 3828766.68029252 3828766.6803 91.3571 0.24901853
32.0000 24999.0000 3828766.6377 91.3571 0.24901853
0.3750 0.6250 1.0000 0.6250 10101909.88734555 10101909.8873 147.3634 0.38955492
33.0000 24999.0000 10101909.8191 147.3634 0.38955491
0.5000 0.5000 1.0000 0.5000 4268107.46123642 4268107.4612 79.5329 0.24829852
34.0000 24999.0000 4268107.4756 79.5329 0.24829852
0.5833 0.4167 1.0000 0.4167 203908.13974506 203908.1397 21.7511 0.17143393
35.0000 24999.0000 203908.1379 21.7511 0.17143393
0.6667 0.3333 1.0000 0.3333 174671.52745511 174671.5275 19.9406 0.10963535
36.0000 24999.0000 174671.5238 19.9406 0.10963535
0.4583 0.5417 1.0000 0.5417 664538.91959872 664538.9196 38.0725 0.29083476
37.0000 24999.0000 664538.9125 38.0725 0.29083476
0.5417 0.4583 1.0000 0.4583 666266.29205167 666266.2921 37.5144 0.20815059
38.0000 24999.0000 666266.2908 37.5144 0.20815059
0.6250 0.3750 1.0000 0.3750 3543758.37460093 3543758.3746 80.2076 0.13961539
39.0000 24999.0000 3543758.4054 80.2076 0.13961539
0.5417 0.4583 1.0000 0.4583 12330576.54706188 12330576.5471 173.1097 0.20933451
40.0000 24999.0000 12330576.5500 173.1097 0.20933451
0.5833 0.4167 1.0000 0.4167 15171250.52942180 15171250.5294 190.9912 0.17299239
41.0000 24999.0000 15171250.3219 190.9912 0.17299239
0.5417 0.4583 1.0000 0.4583 26274716.51460372 26274716.5146 251.0588 0.20944734
42.0000 24999.0000 26274716.4382 251.0588 0.20944733
0.3750 0.6250 1.0000 0.6250 65739227.14240245 65739227.1424 394.8107 0.38973610
43.0000 24999.0000 65739227.5492 394.8107 0.38973610
0.2917 0.7083 1.0000 0.7083 56829606.32109936 56829606.3211 344.4787 0.50090888
44.0000 24999.0000 56829605.7311 344.4787 0.50090887
0.4583 0.5417 1.0000 0.5417 13251935.96964809 13251935.9696 177.8679 0.29293609
45.0000 24999.0000 13251935.7687 177.8679 0.29293608
0.7083 0.2917 1.0000 0.2917 6202690.80517707 6202690.8052 119.1038 0.08484162
46.0000 24999.0000 6202690.7909 119.1038 0.08484161
0.4583 0.5417 1.0000 0.5417 31396746.30411044 31396746.3041 268.1347 0.29300488
47.0000 24999.0000 31396745.7032 268.1347 0.29300487
0.5417 0.4583 1.0000 0.4583 32707757.68021869 32707757.6802 271.7045 0.20972973
48.0000 24999.0000 32707757.6911 271.7045 0.20972973
0.5000 1.0000 1.0000 0.5000 42186072.14095840 42186072.1410 314.1283 0.24971505
49.0000 24999.0000 42186071.5912 314.1283 0.24971504
0.6250 1.0000 1.0000 0.3750 33454417.25456516 33454417.2546 278.3855 0.14051173
50.0000 24999.0000 33454417.9421 278.3855 0.14051174
0.4583 1.0000 1.0000 0.5417 118561085.76693614 118561085.7669 521.8306 0.29321629
51.0000 24999.0000 118561087.8220 521.8306 0.29321629
0.5833 1.0000 1.0000 0.4167 114309918.41158290 114309918.4116 509.7636 0.17347668
52.0000 24999.0000 114309919.7794 509.7636 0.17347668
0.5000 1.0000 1.0000 0.5000 295248545.90635026 295248545.9064 808.8693 0.24984784
53.0000 24999.0000 295248543.7556 808.8693 0.24984784
0.4167 1.0000 1.0000 0.5833 403833193.20631140 403833193.2063 957.6776 0.33999696
54.0000 24999.0000 403833189.9519 957.6776 0.33999696
0.5833 1.0000 1.0000 0.4167 171561339.69986916 171561339.6999 645.9132 0.17334837
55.0000 24999.0000 171561340.0730 645.9132 0.17334837
0.3750 1.0000 1.0000 0.6250 592223593.34058726 592223593.3406 1199.9182 0.39025633
56.0000 24999.0000 592223589.2303 1199.9182 0.39025633
0.5000 1.0000 1.0000 0.5000 538656116.87661803 538656116.8766 1144.4133 0.24973521
57.0000 24999.0000 538656115.1630 1144.4133 0.24973521
0.4583 1.0000 1.0000 0.5417 863637185.50498378 863637185.5050 1448.1024 0.29313725
58.0000 24999.0000 863637176.3754 1448.1024 0.29313725
0.3750 1.0000 1.0000 0.6250 1279002862.95217013 1279002862.9522 1770.6959 0.39041533
59.0000 24999.0000 1279002866.3804 1770.6959 0.39041533
0.6250 1.0000 1.0000 0.3750 626331838.46568966 626331838.4657 1222.8782 0.14056135
60.0000 24999.0000 626331841.7636 1222.8782 0.14056135
0.5000 1.0000 1.0000 0.5000 1890618912.68946099 1890618912.6895 2115.1021 0.24992426
61.0000 24999.0000 1890618919.0079 2115.1021 0.24992426
0.5417 1.0000 1.0000 0.4583 2375572252.20630026 2375572252.2063 2363.2070 0.20999945
62.0000 24999.0000 2375572254.0892 2363.2070 0.20999945
0.4167 1.0000 1.0000 0.5833 5888120778.83316708 5888120778.8332 3734.9379 0.34019904
63.0000 24999.0000 5888120847.1978 3734.9379 0.34019904
0.4167 1.0000 1.0000 0.5417 3239972826.83193731 3239972826.8319 1962.0621 0.16111024
64.0000 24999.0000 3239972857.1077 1962.0621 0.16110959
0.5833 1.0000 1.0000 0.4167 1.32207816 1.3221 0.0444 0.02956148
65.0000 24999.0000 1.3221 0.0444 0.02956110
0.5000 1.0000 1.0000 0.5000 63.83997657 63.8400 0.3568 0.07397732
66.0000 24999.0000 63.8398 0.3568 0.07397699
0.5000 1.0000 1.0000 0.5000 255.78813723 255.7881 0.6696 0.09705601
67.0000 24999.0000 255.7879 0.6696 0.09705583
0.5833 1.0000 1.0000 0.4167 656.09632710 656.0963 1.0150 0.09826821
68.0000 24999.0000 656.0960 1.0150 0.09826828
0.5000 1.0000 1.0000 0.5000 34.52261946 34.5226 0.2549 0.09982723
69.0000 24999.0000 34.5225 0.2549 0.09982707
0.6250 1.0000 1.0000 0.3750 45.71979695 45.7198 0.2900 0.04030378
70.0000 24999.0000 45.7197 0.2900 0.04030383
0.5000 1.0000 1.0000 0.5000 356.56249457 356.5625 0.8369 0.14857753
71.0000 24999.0000 356.5624 0.8369 0.14857767
0.5833 1.0000 1.0000 0.4167 1403.30347014 1403.3035 1.6302 0.09953096
72.0000 24999.0000 1403.3032 1.6302 0.09953091
0.3333 1.0000 1.0000 0.6667 3498.25571454 3498.2557 1.9595 0.29665175
73.0000 24999.0000 3498.2555 1.9595 0.29665188
0.6667 1.0000 1.0000 0.3333 15.67963669 15.6796 0.1723 0.04718268
74.0000 24999.0000 15.6797 0.1723 0.04718275
0.3750 1.0000 1.0000 0.6250 586.65999939 586.6600 1.1122 0.24726664
75.0000 24999.0000 586.6603 1.1122 0.24726678
0.6250 1.0000 1.0000 0.3750 490.66135601 490.6614 0.9727 0.07902406
76.0000 24999.0000 490.6614 0.9727 0.07902403
0.5417 1.0000 1.0000 0.4583 2632.40529344 2632.4053 2.0019 0.18990499
77.0000 24999.0000 2632.4052 2.0019 0.18990469
0.5000 1.0000 1.0000 0.5000 115.40449266 115.4045 0.4714 0.22319640
78.0000 24999.0000 115.4040 0.4714 0.22319595
0.4583 1.0000 1.0000 0.5417 464.54104432 464.5410 0.9264 0.20255292
79.0000 24999.0000 464.5404 0.9264 0.20255253
0.5417 1.0000 1.0000 0.4583 1041.56014230 1041.5601 1.4088 0.15049614
80.0000 24999.0000 1041.5593 1.4088 0.15049604
0.4583 1.0000 1.0000 0.5417 3485.25296534 3485.2530 2.5364 0.22960317
81.0000 24999.0000 3485.2516 2.5364 0.22960298
0.3750 1.0000 1.0000 0.6250 10240.62964728 10240.6296 3.8390 0.32116534
82.0000 24999.0000 10240.6286 3.8390 0.32116515
0.5833 1.0000 1.0000 0.4167 73.18226471 73.1823 0.3936 0.09781454
83.0000 24999.0000 73.1824 0.3936 0.09781458
0.6250 1.0000 1.0000 0.3750 153.41755503 153.4176 0.5481 0.08530115
84.0000 24999.0000 153.4178 0.5481 0.08530126
0.4167 1.0000 1.0000 0.5833 2039.91336387 2039.9134 2.0258 0.26707759
85.0000 24999.0000 2039.9139 2.0258 0.26707764
0.3750 1.0000 1.0000 0.6250 15155.68109588 15155.6811 5.4913 0.33266932
86.0000 24999.0000 15155.6814 5.4913 0.33266930
0.6250 1.0000 1.0000 0.3750 1099.51596465 1099.5160 1.1480 0.11648960
87.0000 24999.0000 1099.5158 1.1480 0.11648903
0.5833 1.0000 1.0000 0.4167 343.85762362 343.8576 0.8086 0.15966665
88.0000 24999.0000 343.8572 0.8086 0.15966575
0.5000 1.0000 1.0000 0.5000 1316.89127134 1316.8913 1.5324 0.26342309
89.0000 24999.0000 1316.8907 1.5324 0.26342212
0.4167 1.0000 1.0000 0.5833 4068.65045834 4068.6505 2.6983 0.32142682
90.0000 24999.0000 4068.6494 2.6983 0.32142601
0.5000 1.0000 1.0000 0.5000 6503.21364170 6503.2136 3.3421 0.21598460
91.0000 24999.0000 6503.2129 3.3421 0.21598427
0.5000 1.0000 1.0000 0.5000 9863.83250913 9863.8325 3.6523 0.25407626
92.0000 24999.0000 9863.8324 3.6523 0.25407546
0.4167 1.0000 1.0000 0.5833 593.01534050 593.0153 1.0506 0.29250334
93.0000 24999.0000 593.0154 1.0506 0.29250264
0.4167 1.0000 1.0000 0.5833 1406.92710626 1406.9271 1.6595 0.29733091
94.0000 24999.0000 1406.9269 1.6595 0.29733062
0.5000 1.0000 1.0000 0.5000 3021.31597549 3021.3160 2.4920 0.21447218
95.0000 24999.0000 3021.3152 2.4920 0.21447206
0.3750 1.0000 1.0000 0.6250 31678.92289824 31678.9229 7.9945 0.35390816
96.0000 24999.0000 31678.9223 7.9945 0.35390813
0.4167 1.0000 1.0000 0.5833 8690.49756124 8690.4976 3.2439 0.32121229
97.0000 24999.0000 8690.4988 3.2439 0.32121262
0.4167 1.0000 1.0000 0.5833 2271.89535208 2271.8954 2.0995 0.32132562
98.0000 24999.0000 2271.8973 2.0995 0.32132598
0.6667 1.0000 1.0000 0.3333 1147.42514924 1147.4251 1.4773 0.10635429
99.0000 24999.0000 1147.4262 1.4773 0.10635452
