-1.0000 -1.0000 -1.0000 0.0222 1.40250853 1.4025 0.0463 0.00001514
0.0000 24999.0000 1.4025 0.0463 0.00001514
-0.9829 -0.9673 -0.9650 0.0164 1.00999233 1.0100 0.0407 0.00000781
1.0000 4453.0000 1.0100 0.0407 0.00000781
-1.0000 -1.0000 -1.0000 0.0146 1.43462690 1.4346 0.0509 0.00000805
2.0000 24999.0000 1.4346 0.0509 0.00000805
-1.0000 -1.0000 -1.0000 0.0128 1.34116855 1.3412 0.0428 0.00000533
3.0000 24999.0000 1.3412 0.0428 0.00000533
-1.0000 -1.0000 -1.0000 0.0121 1.35658530 1.3566 0.0515 0.00000493
4.0000 24999.0000 1.3566 0.0515 0.00000493
-1.0000 -1.0000 -1.0000 0.0111 1.12219525 1.1222 0.0455 0.00001186
5.0000 24999.0000 1.1222 0.0455 0.00001186
-0.5368 -0.3095 -0.1906 0.0103 1.00827336 1.0083 0.0375 0.00000829
6.0000 386.0000 1.0083 0.0375 0.00000829
-0.9341 -0.5603 -0.5126 0.0088 1.00998332 1.0100 0.0420 0.00000498
7.0000 1570.0000 1.0100 0.0420 0.00000498
-1.0000 -1.0000 -1.0000 0.0073 1.21989630 1.2199 0.0435 0.00000772
8.0000 24999.0000 1.2199 0.0435 0.00000772
-0.9172 -0.7352 -0.5641 0.0071 1.00999006 1.0100 0.0414 0.00000269
9.0000 5522.0000 1.0100 0.0414 0.00000269
-0.7514 -0.7135 -0.8450 0.0145 1.00962723 1.0096 0.0434 0.00000637
10.0000 1185.0000 1.0096 0.0434 0.00000637
-0.6870 -0.6473 -0.6829 0.0133 1.00998503 1.0100 0.0447 0.00000432
11.0000 2858.0000 1.0100 0.0447 0.00000432
-0.9797 -0.6534 -0.9952 0.0122 1.54997520 1.5500 0.0469 0.00000390
12.0000 24999.0000 1.5500 0.0469 0.00000390
-0.9898 -0.9786 -0.9682 0.0110 1.00999398 1.0100 0.0402 0.00000275
13.0000 2709.0000 1.0100 0.0402 0.00000275
-1.0000 -1.0000 -1.0000 0.0108 1.04229387 1.0423 0.0410 0.00000245
14.0000 24999.0000 1.0423 0.0410 0.00000245
-0.6420 -0.5089 -0.4481 0.0131 1.00804299 1.0080 0.0427 0.00001957
15.0000 249.0000 1.0080 0.0427 0.00001957
-1.0000 -1.0000 -1.0000 0.0115 1.69678370 1.6968 0.0507 0.00001793
16.0000 24999.0000 1.6968 0.0507 0.00001793
-1.0000 -1.0000 -1.0000 0.0100 1.08527739 1.0853 0.0431 0.00000749
17.0000 24999.0000 1.0853 0.0431 0.00000749
-1.0000 -1.0000 -1.0000 0.0096 1.41363344 1.4136 0.0516 0.00000492
18.0000 24999.0000 1.4136 0.0516 0.00000492
-1.0000 -1.0000 -1.0000 0.0064 6.56790894 6.5679 0.1157 0.00001181
19.0000 24999.0000 6.5679 0.1157 0.00001181
-0.9022 -0.8240 -0.9977 0.0032 1.23955015 1.2396 0.0479 0.00000242
20.0000 24999.0000 1.2396 0.0479 0.00000242
-0.9598 -0.9466 -0.9288 0.0032 1.00998011 1.0100 0.0413 0.00000119
21.0000 1731.0000 1.0100 0.0413 0.00000119
-1.0000 -0.9999 -0.9998 0.0027 1.35127182 1.3513 0.0465 0.00000092
22.0000 24999.0000 1.3513 0.0465 0.00000092
-0.9934 -0.9892 -0.9773 0.0024 1.00998866 1.0100 0.0413 0.00000038
23.0000 6092.0000 1.0100 0.0413 0.00000038
-0.9755 -0.9736 -0.9511 0.0023 1.00995343 1.0100 0.0361 0.00000058
24.0000 1844.0000 1.0099 0.0361 0.00000058
-0.6400 -0.9999 -0.9996 0.0022 1.01270136 1.0127 0.0382 0.00000067
25.0000 24999.0000 1.0127 0.0382 0.00000067
-0.9599 -0.7056 -0.6680 0.0022 1.00995405 1.0100 0.0405 0.00000045
26.0000 7053.0000 1.0100 0.0405 0.00000045
-0.9692 -0.8959 -0.8427 0.0020 1.00999826 1.0100 0.0368 0.00000035
27.0000 5235.0000 1.0100 0.0368 0.00000035
-0.9088 -0.7480 -0.5915 0.0020 1.00989141 1.0099 0.0389 0.00000028
28.0000 4705.0000 1.0099 0.0389 0.00000028
-1.0000 -1.0000 -1.0000 0.0014 1.32831842 1.3283 0.0433 0.00000026
29.0000 24999.0000 1.3283 0.0433 0.00000026
-0.8869 -0.5463 -0.6369 0.0013 1.00993726 1.0099 0.0376 0.00000027
30.0000 3342.0000 1.0099 0.0376 0.00000027
-0.9822 -0.9020 -0.8929 0.0011 1.00999594 1.0100 0.0411 0.00000019
31.0000 7018.0000 1.0100 0.0411 0.00000019
-0.8889 -0.6383 -0.5315 0.0011 1.00997598 1.0100 0.0403 0.00000010
32.0000 2734.0000 1.0100 0.0403 0.00000010
-0.8747 -0.7391 -0.6126 0.0010 1.00990096 1.0099 0.0434 0.00000007
33.0000 1937.0000 1.0099 0.0434 0.00000007
-0.2810 -1.0000 -1.0000 0.0010 5.50721929 5.5072 0.0959 0.00000372
34.0000 24999.0000 5.5072 0.0959 0.00000372
-0.4212 -0.6015 -0.9967 0.0035 1.28485672 1.2849 0.0486 0.00000152
35.0000 24999.0000 1.2849 0.0486 0.00000152
-0.8720 -0.7006 -0.7872 0.0038 1.00999235 1.0100 0.0408 0.00000116
36.0000 2809.0000 1.0100 0.0408 0.00000116
-0.7158 -0.2743 -0.3903 0.0036 1.00995847 1.0100 0.0401 0.00000097
37.0000 3996.0000 1.0100 0.0401 0.00000097
-0.9460 0.8494 -0.9845 0.0033 1.18542503 1.1854 0.0426 0.00000092
38.0000 24999.0000 1.1854 0.0426 0.00000092
-0.9321 -0.9999 -0.9999 0.0012 6.81429580 6.8143 0.1082 0.00000239
39.0000 24999.0000 6.8143 0.1082 0.00000239
-0.5225 -0.9929 -0.9919 0.0009 1.07523651 1.0752 0.0435 0.00000002
40.0000 24999.0000 1.0752 0.0435 0.00000002
-0.4642 -0.9860 -0.9742 0.0008 1.10028826 1.1003 0.0430 0.00000001
41.0000 24999.0000 1.1003 0.0430 0.00000001
-0.5942 -0.3880 -0.4086 0.0008 1.00943788 1.0094 0.0376 0.00000001
42.0000 1862.0000 1.0094 0.0376 0.00000001
-0.3760 -0.9792 -0.9264 0.0007 1.25976691 1.2598 0.0457 0.00000001
43.0000 24999.0000 1.2598 0.0457 0.00000001
-0.9874 0.9987 -0.7963 0.0008 1.07789620 1.0779 0.0399 0.00000002
44.0000 24999.0000 1.0779 0.0399 0.00000002
-0.2844 -0.2410 -0.2338 0.0005 1.00988172 1.0099 0.0415 0.00000003
45.0000 2566.0000 1.0099 0.0415 0.00000003
-0.3278 -0.0741 -0.1429 0.0005 1.00986772 1.0099 0.0416 0.00000002
46.0000 3973.0000 1.0099 0.0416 0.00000002
-0.4928 -0.3028 -0.3741 0.0005 1.00868877 1.0087 0.0407 0.00000002
47.0000 703.0000 1.0087 0.0407 0.00000002
-0.8232 -0.0486 0.0031 0.0005 1.00964722 1.0096 0.0380 0.00000001
48.0000 1659.0000 1.0096 0.0380 0.00000001
-0.6660 -0.9600 -0.9987 0.0003 1.79219108 1.7922 0.0553 0.00000001
49.0000 24999.0000 1.7922 0.0553 0.00000001
-0.4961 -0.7016 -0.6495 0.0002 1.49826952 1.4983 0.0504 0.00000001
50.0000 24999.0000 1.4983 0.0504 0.00000001
-0.5969 -0.1299 -0.0867 0.0002 1.00994218 1.0099 0.0429 0.00000000
51.0000 1525.0000 1.0099 0.0429 0.00000000
-0.8716 -0.1656 -0.2036 0.0002 1.00998336 1.0100 0.0325 0.00000000
52.0000 7580.0000 1.0100 0.0325 0.00000000
-0.6717 -0.1574 -0.0639 0.0002 1.00977168 1.0098 0.0392 0.00000000
53.0000 4959.0000 1.0098 0.0392 0.00000000
0.5821 -0.9999 -0.9985 0.0002 10.11362458 10.1136 0.1379 0.00000002
54.0000 24999.0000 10.1136 0.1379 0.00000002
-0.0258 -0.5833 -0.6191 0.0003 1.00999874 1.0100 0.0383 0.00000000
55.0000 17987.0000 1.0100 0.0383 0.00000000
-0.3544 -0.7689 -0.1041 0.0003 1.00999094 1.0100 0.0392 0.00000000
56.0000 23626.0000 1.0100 0.0392 0.00000000
-0.4045 -0.2495 -0.1904 0.0003 1.00986672 1.0099 0.0406 0.00000000
57.0000 7680.0000 1.0099 0.0406 0.00000000
-0.2853 -0.9805 -0.3181 0.0002 1.86791424 1.8679 0.0559 0.00000000
58.0000 24999.0000 1.8679 0.0559 0.00000000
0.2303 -0.9244 -0.9993 0.0002 17.91844278 17.9184 0.2042 0.00000001
59.0000 24999.0000 17.9184 0.2042 0.00000001
-0.2737 -0.0584 -0.3546 0.0001 1.40798922 1.4080 0.0439 0.00000000
60.0000 24999.0000 1.4080 0.0439 0.00000000
-0.4370 -0.2045 -0.3973 -0.0000 54.91024497 54.9102 0.3602 0.00000001
61.0000 24999.0000 54.9102 0.3602 0.00000001
-0.1023 -0.1035 -0.0124 0.0001 1.00995303 1.0100 0.0417 0.00000000
62.0000 3652.0000 1.0100 0.0417 0.00000000
-0.4763 -0.1191 -0.0351 0.0001 1.00976204 1.0098 0.0430 0.00000000
63.0000 2348.0000 1.0098 0.0430 0.00000000
-0.9995 0.4189 0.0550 0.0001 2.76987985 2.7699 0.0684 0.04410557
64.0000 24999.0000 2.7699 0.0684 0.04410681
-0.0054 -0.2449 -0.2293 0.2762 0.99840380 0.9984 0.0426 0.02655419
65.0000 64.0000 0.9984 0.0426 0.02655426
-0.8842 1.0000 -0.9997 0.1577 1.05534778 1.0553 0.0412 0.00590742
66.0000 24999.0000 1.0553 0.0412 0.00590743
-1.0000 -1.0000 -1.0000 0.1046 1.65506930 1.6551 0.0543 0.00301492
67.0000 24999.0000 1.6551 0.0543 0.00301491
-1.0000 -1.0000 -1.0000 0.0671 1.52292635 1.5229 0.0539 0.01067285
68.0000 24999.0000 1.5229 0.0539 0.01067295
-0.6891 -0.3923 -0.6176 0.1273 1.00997294 1.0100 0.0407 0.00703680
69.0000 652.0000 1.0100 0.0407 0.00703675
