-0.6963 0.0218 -0.3613 0.0202 1.00938843 1.0094 0.0363 0.00001562
0.0000 987.0000 1.0094 0.0363 0.00001562
-1.3365 -0.3552 -0.3130 0.0158 1.00980167 1.0098 0.0470 0.00001143
1.0000 944.0000 1.0098 0.0470 0.00001143
-1.5471 -0.5542 -0.3612 0.0149 1.00987742 1.0099 0.0634 0.00001648
2.0000 505.0000 1.0099 0.0634 0.00001648
-1.1535 -0.1272 -0.0909 0.0134 1.00822540 1.0082 0.0932 0.00003305
3.0000 419.0000 1.0082 0.0932 0.00003305
-1.5651 0.3568 -1.2117 0.0117 1.00999890 1.0100 0.1278 0.00002691
4.0000 8009.0000 1.0100 0.1278 0.00002691
-0.5090 -0.7506 -0.9329 0.0098 1.00986530 1.0099 0.0375 0.00001425
5.0000 1176.0000 1.0099 0.0375 0.00001425
-1.0433 -0.3543 -0.4020 0.0098 1.00757244 1.0076 0.0476 0.00001055
6.0000 399.0000 1.0076 0.0476 0.00001055
-0.4142 1.3419 -5.9211 0.0028 1.00999971 1.0100 0.0606 0.00001079
7.0000 18704.0000 1.0100 0.0606 0.00001079
-1.4337 -0.8224 -0.7773 0.0078 1.00717290 1.0072 0.0725 0.00001619
8.0000 318.0000 1.0072 0.0725 0.00001619
-0.5729 -0.1078 -0.1101 0.0073 1.00840451 1.0084 0.0942 0.00004197
9.0000 199.0000 1.0084 0.0942 0.00004197
